
[INFO] 22:31:56:812 Servidor/(5810:5810): Servidor listo para recibir al cliente
[INFO] 22:32:11:851 Servidor/(5810:5810): recibio mansaje de consola
[ERROR] 22:32:11:857 Servidor/(5810:5810): el cliente se desconecto. Terminando servidor
[INFO] 22:33:14:442 Servidor/(6064:6064): Servidor listo para recibir al cliente
[INFO] 22:33:23:460 Servidor/(6064:6064): recibio mansaje de consola
[ERROR] 22:33:31:399 Servidor/(6064:6064): el cliente se desconecto. Terminando servidor
[INFO] 22:35:49:766 Servidor/(6442:6442): Servidor listo para recibir al cliente
[INFO] 22:35:58:857 Servidor/(6442:6442): recibio mansaje de kernel
[ERROR] 22:36:02:629 Servidor/(6442:6442): el cliente se desconecto. Terminando servidor
[INFO] 22:48:28:165 Servidor/(7405:7405): Servidor listo para recibir al cliente
[ERROR] 22:48:40:095 Servidor/(7405:7405): el cliente se desconecto. Terminando servidor
[INFO] 22:50:22:202 Servidor/(7735:7735): Servidor listo para recibir al cliente
[ERROR] 22:50:35:353 Servidor/(7735:7735): el cliente se desconecto. Terminando servidor
[INFO] 22:51:04:634 Servidor/(7898:7898): Servidor listo para recibir al cliente
[ERROR] 22:51:14:387 Servidor/(7898:7898): el cliente se desconecto. Terminando servidor
[INFO] 22:52:50:961 Servidor/(8256:8256): Servidor listo para recibir al cliente
[ERROR] 22:52:59:284 Servidor/(8256:8256): el cliente se desconecto. Terminando servidor
[INFO] 22:56:46:162 Servidor/(8824:8824): Servidor listo para recibir al cliente
[INFO] 22:56:52:281 Servidor/(8824:8824): recibio mansaje de kernel
[ERROR] 22:56:52:282 Servidor/(8824:8824): el cliente se desconecto. Terminando servidor
[INFO] 22:58:48:967 Servidor/(9187:9187): Servidor listo para recibir al cliente
[INFO] 22:58:56:987 Servidor/(9187:9187): recibio mansaje de kernel
[ERROR] 22:58:56:989 Servidor/(9187:9187): el cliente se desconecto. Terminando servidor
[INFO] 23:00:23:319 Servidor/(9681:9681): Servidor listo para recibir al cliente
[ERROR] 23:00:40:331 Servidor/(9681:9681): el cliente se desconecto. Terminando servidor
[INFO] 23:03:08:575 Servidor/(10217:10217): Servidor listo para recibir al cliente
[ERROR] 23:03:18:684 Servidor/(10217:10217): el cliente se desconecto. Terminando servidor
[INFO] 23:04:36:707 Servidor/(10590:10590): Servidor listo para recibir al cliente
[INFO] 23:04:50:384 Servidor/(10590:10590): recibio mansaje de kernel
[ERROR] 23:04:50:385 Servidor/(10590:10590): el cliente se desconecto. Terminando servidor
[INFO] 23:22:16:928 Servidor/(11729:11729): Servidor listo para recibir al cliente
[ERROR] 23:22:50:226 Servidor/(11729:11729): el cliente se desconecto. Terminando servidor
[INFO] 23:24:38:538 Servidor/(12115:12115): Servidor listo para recibir al cliente
[INFO] 23:24:51:043 Servidor/(12115:12115): recibio mansaje de kernel
[ERROR] 23:24:51:043 Servidor/(12115:12115): el cliente se desconecto. Terminando servidor
[INFO] 23:31:47:881 Servidor/(12855:12855): Servidor listo para recibir al cliente
[INFO] 23:31:55:996 Servidor/(12855:12855): recibio mansaje de kernel
[ERROR] 23:31:55:998 Servidor/(12855:12855): el cliente se desconecto. Terminando servidor
[INFO] 23:39:03:041 Servidor/(13552:13552): Servidor listo para recibir al cliente
[INFO] 23:39:15:480 Servidor/(13552:13552): recibio mansaje de kernel
[ERROR] 23:39:15:481 Servidor/(13552:13552): el cliente se desconecto. Terminando servidor
[INFO] 23:43:38:968 Servidor/(13902:13902): Servidor listo para recibir al cliente
[INFO] 23:43:48:736 Servidor/(13902:13902): recibio mansaje de kernel
[ERROR] 23:43:48:738 Servidor/(13902:13902): el cliente se desconecto. Terminando servidor
[INFO] 13:16:07:981 Servidor/(2313:2313): Servidor listo para recibir al cliente
[INFO] 13:16:45:616 Servidor/(2313:2313): recibio mansaje de kernel
[ERROR] 13:16:45:616 Servidor/(2313:2313): el cliente se desconecto. Terminando servidor
[INFO] 02:06:00:867 Servidor/(5500:5500): Servidor listo para recibir al cliente
[INFO] 04:22:08:641 Servidor/(13014:13014): Servidor listo para recibir al cliente
[ERROR] 20:09:51:160 SOtp/(8770:8770): error al leer el archivo tp0.config
[ERROR] 20:10:50:333 SOtp/(8854:8854): error al leer el archivo cpu.config
[ERROR] 20:11:00:321 SOtp/(8906:8906): error al leer el archivo cpu.config
[ERROR] 20:11:36:175 SOtp/(8984:8984): error al leer el archivo cpu.config
[INFO] 14:09:56:484 SOtp/(2846:2846): escuchando al kernel
[INFO] 14:10:28:630 SOtp/(2846:2846): escuchando al kernel
[INFO] 14:13:15:690 SOtp/(3306:3306): escuchando al kernel
[INFO] 14:13:30:329 SOtp/(3306:3306): escuchando al kernel
[INFO] 14:30:39:471 SOtp/(4616:4616): escuchando al kernel
[INFO] 14:30:59:270 SOtp/(4616:4616): escuchando al kernel
[INFO] 15:35:11:565 SOtp/(9521:9593): escuchando al kernel
[INFO] 16:07:55:897 SOtp/(12339:12440): escuchando al kernel
[INFO] 05:26:32:328 cpu_logger/(9548:10590): escuchando al kernel
[INFO] 05:31:37:245 cpu_logger/(11303:11557): escuchando al kernel
[INFO] 05:35:09:935 cpu_logger/(12093:12317): escuchando al kernel
[INFO] 02:38:40:297 cpu_logger/(2605:2869): escuchando al kernel
[INFO] 03:50:34:937 cpu_logger/(5022:5665): escuchando al kernel
[INFO] 03:55:09:324 cpu_logger/(6359:6492): escuchando al kernel
[INFO] 04:06:24:248 cpu_logger/(6988:7199): escuchando al kernel
[INFO] 04:08:26:205 cpu_logger/(7481:7722): escuchando al kernel
[INFO] 04:20:38:477 cpu_logger/(8700:8833): escuchando al kernel
[INFO] 04:23:48:495 cpu_logger/(8700:8833): recibi pcb
[INFO] 04:23:51:413 cpu_logger/(8700:8833): comenzando ciclo de instruccion
[INFO] 04:23:51:415 cpu_logger/(8700:8833): PID: 8789 - ejecutando 0 - AX HOLA
[INFO] 04:29:26:807 cpu_logger/(9559:9559): Esperando ando...
[INFO] 04:30:14:780 cpu_logger/(9559:9559): Esperando ando...
[INFO] 04:30:14:781 cpu_logger/(9559:9712): escuchando al kernel
[INFO] 04:30:14:781 cpu_logger/(9559:9712): recibi pcb
[INFO] 04:30:14:782 cpu_logger/(9559:9712): comenzando ciclo de instruccion
[INFO] 04:30:14:783 cpu_logger/(9559:9712): PID: 9668 - ejecutando 0 - AX HOLA
[DEBUG] 04:33:53:207 cpu_logger/(10367:10367): Esperando ando...
[INFO] 04:34:18:865 cpu_logger/(10367:10422): escuchando al kernel
[INFO] 04:34:35:805 cpu_logger/(10367:10422): recibi pcb
[INFO] 04:34:35:806 cpu_logger/(10367:10422): comenzando ciclo de instruccion
[INFO] 04:35:31:098 cpu_logger/(10367:10422): PID: 10395 - ejecutando 0 - AX HOLA
[DEBUG] 04:41:36:137 LOGGER_CPU/(11074:11074): Esperando ando...
[INFO] 04:41:54:747 LOGGER_CPU/(11074:11151): escuchando al kernel
[INFO] 04:42:03:208 LOGGER_CPU/(11074:11151): recibi pcb
[INFO] 04:42:23:616 LOGGER_CPU/(11074:11151): PID: 11131 - ejecutando 0 - AX HOLA
[INFO] 04:43:18:506 LOGGER_CPU/(11074:11151): Actualización del Program Counter
[INFO] 04:43:38:978 LOGGER_CPU/(11074:11151): PID: 11131 - ejecutando 2 - DISCO
[DEBUG] 04:46:46:494 LOGGER_CPU/(11702:11702): Esperando ando...
[DEBUG] 04:47:55:385 LOGGER_CPU/(12031:12031): Esperando ando...
[INFO] 04:48:57:277 LOGGER_CPU/(12031:12112): escuchando al kernel
[INFO] 04:49:04:723 LOGGER_CPU/(12031:12112): recibi pcb
[INFO] 04:49:28:605 LOGGER_CPU/(12031:12112): PID: 12073 - ejecutando 0 - AX HOLA
[INFO] 04:50:19:653 LOGGER_CPU/(12031:12112): Actualización del Program Counter
[INFO] 04:50:31:710 LOGGER_CPU/(12031:12112): PID: 12073 - ejecutando 0 - HOLA HOLA
[INFO] 04:50:37:454 LOGGER_CPU/(12031:12112): Actualización del Program Counter
[INFO] 04:50:41:023 LOGGER_CPU/(12031:12112): PID: 12073 - ejecutando 0 - HOLA HOLA
[INFO] 04:50:42:023 LOGGER_CPU/(12031:12112): Actualización del Program Counter
[DEBUG] 04:54:50:355 LOGGER_CPU/(12652:12652): Esperando ando...
[DEBUG] 05:01:00:601 LOGGER_CPU/(13033:13033): Esperando ando...
[INFO] 05:03:31:657 LOGGER_CPU/(13033:13133): escuchando al kernel
[INFO] 05:03:38:188 LOGGER_CPU/(13033:13133): recibi pcb
[INFO] 05:03:47:022 LOGGER_CPU/(13033:13133): PID: 13097 - ejecutando 2 - DISCO
[DEBUG] 05:12:09:200 LOGGER_CPU/(13610:13610): Esperando ando...
[DEBUG] 05:14:20:547 LOGGER_CPU/(13970:13970): Esperando ando...
[INFO] 05:15:02:058 LOGGER_CPU/(13970:14099): escuchando al kernel
[INFO] 05:15:11:019 LOGGER_CPU/(13970:14099): recibi pcb
[INFO] 05:15:14:102 LOGGER_CPU/(13970:14099): PID: 14050 - ejecutando 0 - AX HOLA
[INFO] 05:15:15:103 LOGGER_CPU/(13970:14099): Actualización del Program Counter
[INFO] 05:15:25:256 LOGGER_CPU/(13970:14099): PID: 14050 - ejecutando 2 - DISCO
[DEBUG] 05:22:36:109 LOGGER_CPU/(14776:14776): Esperando ando...
[INFO] 05:23:45:781 LOGGER_CPU/(14776:14966): escuchando al kernel
[INFO] 05:24:00:066 LOGGER_CPU/(14776:14966): recibi pcb
[INFO] 05:24:00:069 LOGGER_CPU/(14776:14966): PID: 14905 - ejecutando 0 - AX HOLA
[INFO] 05:24:01:070 LOGGER_CPU/(14776:14966): Actualización del Program Counter
[INFO] 05:24:01:070 LOGGER_CPU/(14776:14966): PID: 14905 - ejecutando 2 - DISCO
[DEBUG] 05:25:32:759 LOGGER_CPU/(15335:15335): Esperando ando...
[INFO] 05:33:39:157 LOGGER_CPU/(15335:15538): escuchando al kernel
[INFO] 05:33:45:785 LOGGER_CPU/(15335:15538): recibi pcb
[INFO] 05:33:45:786 LOGGER_CPU/(15335:15538): PID: 15466 - ejecutando 0 - AX HOLA
[INFO] 05:33:46:786 LOGGER_CPU/(15335:15538): Actualización del Program Counter
[INFO] 05:33:46:788 LOGGER_CPU/(15335:15538): PID: 15466 - ejecutando 2 - DISCO
[DEBUG] 05:53:42:241 LOGGER_CPU/(16188:16188): Esperando ando...
[INFO] 05:58:22:534 LOGGER_CPU/(16188:16539): escuchando al kernel
[INFO] 05:58:48:440 LOGGER_CPU/(16188:16539): recibi pcb
[INFO] 05:58:48:441 LOGGER_CPU/(16188:16539): PID: 16405 - ejecutando 0 - AX HOLA
[INFO] 05:58:49:442 LOGGER_CPU/(16188:16539): Actualización del Program Counter
[INFO] 05:58:49:442 LOGGER_CPU/(16188:16539): PID: 16405 - ejecutando 2 - DISCO
[DEBUG] 06:05:00:125 LOGGER_CPU/(17064:17064): Esperando ando...
[DEBUG] 06:06:22:790 LOGGER_CPU/(17412:17412): Esperando ando...
[INFO] 06:07:09:241 LOGGER_CPU/(17412:17596): escuchando al kernel
[INFO] 06:07:21:422 LOGGER_CPU/(17412:17596): recibi pcb
[INFO] 06:07:21:425 LOGGER_CPU/(17412:17596): PID: 17484 - ejecutando 0 - AX HOLA
[INFO] 06:07:22:431 LOGGER_CPU/(17412:17596): Actualización del Program Counter
[INFO] 06:07:22:431 LOGGER_CPU/(17412:17596): PID: 17484 - ejecutando 2 - DISCO
[DEBUG] 06:08:35:709 LOGGER_CPU/(17927:17927): Esperando ando...
[INFO] 06:08:56:241 LOGGER_CPU/(17927:18068): escuchando al kernel
[INFO] 06:08:56:282 LOGGER_CPU/(17927:18068): recibi pcb
[INFO] 06:08:56:291 LOGGER_CPU/(17927:18068): PID: 18021 - ejecutando 0 - AX HOLA
[INFO] 06:08:57:312 LOGGER_CPU/(17927:18068): Actualización del Program Counter
[INFO] 06:08:57:315 LOGGER_CPU/(17927:18068): PID: 18021 - ejecutando 2 - DISCO
[DEBUG] 06:13:49:542 LOGGER_CPU/(18715:18715): Esperando ando...
[INFO] 06:14:10:807 LOGGER_CPU/(18715:18823): escuchando al kernel
[INFO] 06:15:36:797 LOGGER_CPU/(18715:18823): recibi pcb
[INFO] 06:15:38:334 LOGGER_CPU/(18715:18823): PID: 18778 - ejecutando 0 - AX HOLA
[INFO] 06:15:39:335 LOGGER_CPU/(18715:18823): Actualización del Program Counter
[INFO] 06:17:03:336 LOGGER_CPU/(18715:18823): PID: 18778 - ejecutando 2 - DISCO
