[INFO] 14:10:28:614 SOtp/(2994:2994): llegue vivo
[INFO] 14:10:28:630 SOtp/(2994:2994): No es null el archivo de config
[INFO] 14:10:28:630 SOtp/(2994:2994): hrrn
[ERROR] 14:10:28:630 SOtp/(2994:2994): Error: Connection refused
[ERROR] 14:10:28:642 SOtp/(2994:2996): Error: Bad file descriptor
[ERROR] 14:10:28:649 SOtp/(2994:2998): Error: Bad file descriptor
[ERROR] 14:10:28:650 SOtp/(2994:2998): Error: Bad file descriptor
[ERROR] 14:10:28:650 SOtp/(2994:2996): Error: Bad file descriptor
[ERROR] 14:10:28:658 SOtp/(2994:2997): Error: Bad file descriptor
[ERROR] 14:10:28:658 SOtp/(2994:2997): Error: Bad file descriptor
[ERROR] 14:10:29:658 SOtp/(2994:2998): Error: Bad file descriptor
[ERROR] 14:10:29:659 SOtp/(2994:2998): Error: Bad file descriptor
[ERROR] 14:10:29:659 SOtp/(2994:2996): Error: Bad file descriptor
[ERROR] 14:10:29:659 SOtp/(2994:2996): Error: Bad file descriptor
[ERROR] 14:10:29:668 SOtp/(2994:2997): Error: Bad file descriptor
[ERROR] 14:10:29:668 SOtp/(2994:2997): Error: Bad file descriptor
[ERROR] 14:10:30:666 SOtp/(2994:2998): Error: Bad file descriptor
[ERROR] 14:10:30:669 SOtp/(2994:2998): Error: Bad file descriptor
[ERROR] 14:10:30:669 SOtp/(2994:2996): Error: Bad file descriptor
[ERROR] 14:10:30:670 SOtp/(2994:2996): Error: Bad file descriptor
[ERROR] 14:10:30:674 SOtp/(2994:2997): Error: Bad file descriptor
[ERROR] 14:10:30:675 SOtp/(2994:2997): Error: Bad file descriptor
[ERROR] 14:10:31:674 SOtp/(2994:2998): Error: Bad file descriptor
[ERROR] 14:10:31:675 SOtp/(2994:2998): Error: Bad file descriptor
[ERROR] 14:10:31:675 SOtp/(2994:2996): Error: Bad file descriptor
[ERROR] 14:10:31:676 SOtp/(2994:2996): Error: Bad file descriptor
[ERROR] 14:10:31:681 SOtp/(2994:2997): Error: Bad file descriptor
[ERROR] 14:10:31:681 SOtp/(2994:2997): Error: Bad file descriptor
[ERROR] 14:10:32:677 SOtp/(2994:2998): Error: Bad file descriptor
[ERROR] 14:10:32:681 SOtp/(2994:2998): Error: Bad file descriptor
[ERROR] 14:10:32:681 SOtp/(2994:2996): Error: Bad file descriptor
[ERROR] 14:10:32:681 SOtp/(2994:2996): Error: Bad file descriptor
[ERROR] 14:10:32:688 SOtp/(2994:2997): Error: Bad file descriptor
[ERROR] 14:10:32:688 SOtp/(2994:2997): Error: Bad file descriptor
[ERROR] 14:10:33:690 SOtp/(2994:2998): Error: Bad file descriptor
[ERROR] 14:10:33:691 SOtp/(2994:2998): Error: Bad file descriptor
[ERROR] 14:10:33:691 SOtp/(2994:2996): Error: Bad file descriptor
[ERROR] 14:10:33:691 SOtp/(2994:2996): Error: Bad file descriptor
[ERROR] 14:10:33:695 SOtp/(2994:2997): Error: Bad file descriptor
[ERROR] 14:10:33:695 SOtp/(2994:2997): Error: Bad file descriptor
[INFO] 14:13:30:322 SOtp/(3368:3368): llegue vivo
[INFO] 14:13:30:327 SOtp/(3368:3368): No es null el archivo de config
[INFO] 14:13:30:327 SOtp/(3368:3368): hrrn
[INFO] 14:30:59:255 SOtp/(4689:4689): llegue vivo
[INFO] 14:30:59:266 SOtp/(4689:4689): No es null el archivo de config
[INFO] 14:30:59:269 SOtp/(4689:4689): hrrn
[INFO] 15:35:11:539 SOtp/(9592:9592): llegue vivo
[INFO] 15:35:11:560 SOtp/(9592:9592): No es null el archivo de config
[INFO] 15:35:11:563 SOtp/(9592:9592): hrrn
[INFO] 15:35:36:277 SOtp/(9592:9592): conectado
[INFO] 15:38:56:889 SOtp/(9592:9592): conectado
[INFO] 15:50:36:413 SOtp/(9592:9592): conectado
[INFO] 15:52:59:523 SOtp/(9592:9592): conectado
[INFO] 15:55:06:313 SOtp/(11154:11154): llegue vivo
[INFO] 15:55:06:322 SOtp/(11154:11154): No es null el archivo de config
[INFO] 15:55:06:325 SOtp/(11154:11154): hrrn
[ERROR] 15:55:06:326 SOtp/(11154:11154): Error: Connection refused
[INFO] 15:56:00:350 SOtp/(11252:11252): llegue vivo
[INFO] 15:56:00:357 SOtp/(11252:11252): No es null el archivo de config
[INFO] 15:56:00:363 SOtp/(11252:11252): hrrn
[ERROR] 15:56:00:363 SOtp/(11252:11252): Error: Connection refused
[INFO] 15:57:35:322 SOtp/(11415:11415): llegue vivo
[INFO] 15:57:35:333 SOtp/(11415:11415): No es null el archivo de config
[INFO] 15:57:35:347 SOtp/(11415:11415): hrrn
[ERROR] 15:57:35:348 SOtp/(11415:11415): Error: Connection refused
[INFO] 15:57:35:348 SOtp/(11415:11415): conecte con cpu
[INFO] 15:59:16:160 SOtp/(11577:11577): llegue vivo
[INFO] 15:59:16:163 SOtp/(11577:11577): No es null el archivo de config
[INFO] 15:59:16:167 SOtp/(11577:11577): hrrn
[ERROR] 15:59:16:169 SOtp/(11577:11577): Error: Connection refused
[INFO] 15:59:16:170 SOtp/(11577:11577): conecte con cpu
[INFO] 16:04:55:232 SOtp/(11859:11859): 8001
[INFO] 16:04:55:243 SOtp/(11859:11859): llegue vivo
[INFO] 16:04:55:246 SOtp/(11859:11859): No es null el archivo de config
[INFO] 16:04:55:246 SOtp/(11859:11859): hrrn
[ERROR] 16:04:55:248 SOtp/(11859:11859): Error: Connection refused
[INFO] 16:04:55:252 SOtp/(11859:11859): conecte con cpu
[INFO] 16:07:55:870 SOtp/(12439:12439): 8001
[INFO] 16:07:55:882 SOtp/(12439:12439): llegue vivo
[INFO] 16:07:55:887 SOtp/(12439:12439): No es null el archivo de config
[INFO] 16:07:55:887 SOtp/(12439:12439): hrrn
[INFO] 16:07:55:889 SOtp/(12439:12439): conecte con cpu
[INFO] 16:10:05:720 SOtp/(12439:12439): conectado
[INFO] 03:22:55:176 kernel_logger/(13446:13446): config levantado
[INFO] 03:25:26:792 kernel_logger/(13661:13661): config levantado
[INFO] 03:26:42:764 kernel_logger/(13807:13807): config levantado
[INFO] 03:28:00:452 kernel_logger/(14026:14026): config levantado
[INFO] 03:28:50:287 kernel_logger/(14198:14198): config levantado
[INFO] 03:29:37:959 kernel_logger/(14358:14358): config levantado
[INFO] 03:30:27:235 kernel_logger/(14501:14501): config levantado
[INFO] 03:30:27:249 kernel_logger/(14501:14501): colas
[INFO] 03:30:27:254 kernel_logger/(14501:14501): semaforos
[INFO] 03:31:48:983 kernel_logger/(14694:14694): config levantado
[INFO] 03:31:48:983 kernel_logger/(14694:14694): colas
[INFO] 03:31:48:983 kernel_logger/(14694:14694): semaforos
[INFO] 03:31:48:983 kernel_logger/(14694:14694): diccionario
[INFO] 03:33:41:124 kernel_logger/(14905:14905): config levantado
[INFO] 03:33:41:135 kernel_logger/(14905:14905): colas
[INFO] 03:33:41:145 kernel_logger/(14905:14905): semaforos
[INFO] 03:33:41:145 kernel_logger/(14905:14905): diccionario
[INFO] 03:33:41:145 kernel_logger/(14905:14905): fors
[INFO] 03:33:41:145 kernel_logger/(14905:14905): recursos
[INFO] 03:33:41:145 kernel_logger/(14905:14905): No es null el archivo de config
[INFO] 03:33:41:145 kernel_logger/(14905:14905): hilos abajo !
[INFO] 03:33:41:145 kernel_logger/(14905:14905): llegue
[INFO] 03:33:41:146 kernel_logger/(14905:14905): hilos arriba !
[INFO] 03:33:41:147 kernel_logger/(14905:14906): rompo1
[INFO] 03:38:00:665 kernel_logger/(15406:15406): diccionario
[INFO] 03:38:00:680 kernel_logger/(15406:15406): fors
[INFO] 03:38:00:685 kernel_logger/(15406:15406): No es null el archivo de config
[INFO] 03:38:00:685 kernel_logger/(15406:15406): hilos abajo !
[INFO] 03:38:00:685 kernel_logger/(15406:15406): llegue
[INFO] 03:38:00:686 kernel_logger/(15406:15406): hilos arriba !
[INFO] 03:38:00:688 kernel_logger/(15406:15406): llego vivo hasta acá
[INFO] 03:40:34:023 kernel_logger/(15763:15763): diccionario
[INFO] 03:40:34:032 kernel_logger/(15763:15763): fors
[INFO] 03:40:34:044 kernel_logger/(15763:15763): No es null el archivo de config
[INFO] 03:40:34:044 kernel_logger/(15763:15763): llegue
[INFO] 03:40:48:770 kernel_logger/(15763:15815): escuchando a consola
[INFO] 03:43:54:183 kernel_logger/(15763:15815): Recibido codigo de operacion: -1945695344
[INFO] 03:43:54:184 kernel_logger/(15763:15815): recibi lista de instrucciones
[INFO] 03:43:54:184 kernel_logger/(15763:15815): Se crea el proceso 15763 en NEW
[INFO] 03:43:54:184 kernel_logger/(15763:15764): ingreso proceso a listos
[INFO] 03:44:03:140 kernel_logger/(15763:16131): escuchando a consola
[INFO] 03:57:13:792 kernel_logger/(16839:16839): diccionario
[INFO] 03:57:13:814 kernel_logger/(16839:16839): fors
[INFO] 03:57:13:817 kernel_logger/(16839:16839): No es null el archivo de config
[INFO] 03:57:13:820 kernel_logger/(16839:16839): llegue
[INFO] 03:58:51:335 kernel_logger/(17194:17194): diccionario
[INFO] 03:58:51:342 kernel_logger/(17194:17194): fors
[INFO] 03:58:51:344 kernel_logger/(17194:17194): No es null el archivo de config
[INFO] 03:58:51:345 kernel_logger/(17194:17194): llegue
[INFO] 03:58:59:773 kernel_logger/(17194:17243): escuchando a consola
[INFO] 04:01:54:263 kernel_logger/(17767:17767): diccionario
[INFO] 04:01:54:273 kernel_logger/(17767:17767): fors
[INFO] 04:01:54:274 kernel_logger/(17767:17767): No es null el archivo de config
[INFO] 04:02:10:403 kernel_logger/(17767:17819): escuchando a consola
[INFO] 04:11:11:677 kernel_logger/(18715:18715): diccionario
[INFO] 04:11:11:695 kernel_logger/(18715:18715): fors
[INFO] 04:11:11:696 kernel_logger/(18715:18715): No es null el archivo de config
[INFO] 04:11:23:186 kernel_logger/(18715:18764): escuchando a consola
[INFO] 04:11:23:186 kernel_logger/(18715:18764): espacio asignada
[INFO] 04:19:18:535 kernel_logger/(19417:19417): diccionario
[INFO] 04:19:18:544 kernel_logger/(19417:19417): fors
[INFO] 04:19:18:560 kernel_logger/(19417:19417): No es null el archivo de config
[INFO] 04:19:25:662 kernel_logger/(19417:19466): escuchando a consola
[INFO] 04:19:25:663 kernel_logger/(19417:19466): espacio asignada
[INFO] 04:21:32:189 kernel_logger/(19653:19653): diccionario
[INFO] 04:21:32:191 kernel_logger/(19653:19653): fors
[INFO] 04:21:32:197 kernel_logger/(19653:19653): No es null el archivo de config
[INFO] 04:22:51:929 kernel_logger/(19899:19899): diccionario
[INFO] 04:22:51:944 kernel_logger/(19899:19899): fors
[INFO] 04:22:51:948 kernel_logger/(19899:19899): No es null el archivo de config
[INFO] 04:23:00:172 kernel_logger/(19899:19954): escuchando a consola
[INFO] 04:23:00:172 kernel_logger/(19899:19954): espacio asignada
[INFO] 04:28:55:395 kernel_logger/(20431:20431): diccionario
[INFO] 04:28:55:411 kernel_logger/(20431:20431): fors
[INFO] 04:28:55:412 kernel_logger/(20431:20431): No es null el archivo de config
[INFO] 04:29:28:485 kernel_logger/(20528:20528): diccionario
[INFO] 04:29:28:487 kernel_logger/(20528:20528): fors
[INFO] 04:29:28:490 kernel_logger/(20528:20528): No es null el archivo de config
[INFO] 04:29:36:917 kernel_logger/(20528:20577): escuchando a consola
[INFO] 04:29:36:920 kernel_logger/(20528:20577): espacio asignada
[INFO] 04:29:52:314 kernel_logger/(20528:20577): Recibido codigo de operacion: 0
[INFO] 04:29:52:322 kernel_logger/(20528:20577): paquete recibido
[INFO] 04:29:52:322 kernel_logger/(20528:20577): recibi lista de instrucciones
[INFO] 04:29:52:322 kernel_logger/(20528:20577): Se crea el proceso 20528 en NEW
[INFO] 04:29:52:323 kernel_logger/(20528:20529): ingreso proceso a listos
[INFO] 04:31:07:311 kernel_logger/(20972:20972): diccionario
[INFO] 04:31:07:324 kernel_logger/(20972:20972): fors
[INFO] 04:31:07:326 kernel_logger/(20972:20972): No es null el archivo de config
[INFO] 04:31:15:204 kernel_logger/(20972:21036): escuchando a consola
[INFO] 04:31:15:205 kernel_logger/(20972:21036): espacio asignada
[INFO] 04:31:15:209 kernel_logger/(20972:21036): Recibido codigo de operacion: 20
[INFO] 04:31:15:212 kernel_logger/(20972:21036): paquete recibido
[INFO] 04:40:51:091 kernel_logger/(21409:21409): diccionario
[INFO] 04:40:51:119 kernel_logger/(21409:21409): fors
[INFO] 04:40:51:119 kernel_logger/(21409:21409): No es null el archivo de config
[INFO] 04:41:39:321 kernel_logger/(21589:21589): diccionario
[INFO] 04:41:39:337 kernel_logger/(21589:21589): fors
[INFO] 04:41:39:339 kernel_logger/(21589:21589): No es null el archivo de config
[INFO] 04:41:47:364 kernel_logger/(21589:21641): escuchando a consola
[INFO] 04:41:47:366 kernel_logger/(21589:21641): espacio asignada
[INFO] 04:41:47:366 kernel_logger/(21589:21641): Recibido codigo de operacion: 20
[INFO] 04:41:47:366 kernel_logger/(21589:21641): paquete recibido
[INFO] 04:49:09:311 kernel_logger/(22394:22394): diccionario
[INFO] 04:49:09:314 kernel_logger/(22394:22394): fors
[INFO] 04:49:09:321 kernel_logger/(22394:22394): No es null el archivo de config
[INFO] 04:49:17:930 kernel_logger/(22394:22443): escuchando a consola
[INFO] 04:49:17:930 kernel_logger/(22394:22443): espacio asignada
[INFO] 04:49:17:930 kernel_logger/(22394:22443): Recibido codigo de operacion: 20
[INFO] 04:49:17:930 kernel_logger/(22394:22443): paquete recibido
[INFO] 05:07:44:376 kernel_logger/(23338:23338): diccionario
[INFO] 05:07:44:383 kernel_logger/(23338:23338): fors
[INFO] 05:07:44:389 kernel_logger/(23338:23338): No es null el archivo de config
[INFO] 05:07:51:161 kernel_logger/(23338:23382): escuchando a consola
[INFO] 05:07:51:162 kernel_logger/(23338:23382): espacio asignada
[INFO] 05:07:51:162 kernel_logger/(23338:23382): Recibido codigo de operacion: 20
[INFO] 05:07:51:162 kernel_logger/(23338:23382): paquete recibido
[INFO] 17:46:26:030 kernel_logger/(4720:4720): diccionario
[INFO] 17:46:26:035 kernel_logger/(4720:4720): fors
[INFO] 17:46:26:035 kernel_logger/(4720:4720): No es null el archivo de config
[INFO] 17:46:46:289 kernel_logger/(4720:4833): escuchando a consola
[INFO] 17:46:46:292 kernel_logger/(4720:4833): espacio asignada
[INFO] 17:46:46:294 kernel_logger/(4720:4833): Recibido codigo de operacion: 20
[INFO] 17:46:46:298 kernel_logger/(4720:4833): paquete recibido
[INFO] 18:42:57:959 kernel_logger/(6087:6087): diccionario
[INFO] 18:42:57:965 kernel_logger/(6087:6087): fors
[INFO] 18:42:57:966 kernel_logger/(6087:6087): No es null el archivo de config
[INFO] 18:43:02:557 kernel_logger/(6087:6117): escuchando a consola
[INFO] 18:43:02:559 kernel_logger/(6087:6117): espacio asignada
[INFO] 18:43:02:560 kernel_logger/(6087:6117): Recibido codigo de operacion: 20
[INFO] 18:43:02:560 kernel_logger/(6087:6117): paquete recibido
[INFO] 18:51:06:902 kernel_logger/(156138:156138): diccionario
[INFO] 18:51:06:906 kernel_logger/(156138:156138): fors
[INFO] 18:51:06:908 kernel_logger/(156138:156138): No es null el archivo de config
[INFO] 18:51:12:673 kernel_logger/(156138:156188): escuchando a consola
[INFO] 18:51:12:674 kernel_logger/(156138:156188): espacio asignada
[INFO] 18:51:12:676 kernel_logger/(156138:156188): Recibido codigo de operacion: 20
[INFO] 18:51:12:676 kernel_logger/(156138:156188): paquete recibido
[INFO] 21:45:03:897 kernel_logger/(163483:163483): diccionario
[INFO] 21:45:03:905 kernel_logger/(163483:163483): fors
[INFO] 21:45:03:906 kernel_logger/(163483:163483): No es null el archivo de config
[INFO] 21:45:32:695 kernel_logger/(163483:163593): escuchando a consola
[INFO] 21:45:32:696 kernel_logger/(163483:163593): espacio asignada
[INFO] 21:45:32:696 kernel_logger/(163483:163593): Recibido codigo de operacion: 20
[INFO] 21:45:32:696 kernel_logger/(163483:163593): paquete recibido
[INFO] 21:47:27:077 kernel_logger/(163997:163997): diccionario
[INFO] 21:47:27:087 kernel_logger/(163997:163997): fors
[INFO] 21:47:27:090 kernel_logger/(163997:163997): No es null el archivo de config
[INFO] 21:47:34:267 kernel_logger/(163997:164051): escuchando a consola
[INFO] 21:47:34:269 kernel_logger/(163997:164051): espacio asignada
[INFO] 21:47:34:270 kernel_logger/(163997:164051): Recibido codigo de operacion: 20
[INFO] 21:47:34:270 kernel_logger/(163997:164051): paquete recibido
[INFO] 21:49:45:008 kernel_logger/(164383:164383): diccionario
[INFO] 21:49:45:016 kernel_logger/(164383:164383): fors
[INFO] 21:49:45:020 kernel_logger/(164383:164383): No es null el archivo de config
[INFO] 21:49:53:021 kernel_logger/(164383:164441): escuchando a consola
[INFO] 21:49:53:023 kernel_logger/(164383:164441): espacio asignada
[INFO] 21:49:53:025 kernel_logger/(164383:164441): Recibido codigo de operacion: 20
[INFO] 21:49:53:027 kernel_logger/(164383:164441): paquete recibido
[INFO] 22:09:37:070 kernel_logger/(165806:165806): diccionario
[INFO] 22:09:37:073 kernel_logger/(165806:165806): fors
[INFO] 22:09:37:073 kernel_logger/(165806:165806): No es null el archivo de config
[INFO] 22:09:44:822 kernel_logger/(165806:165890): escuchando a consola
[INFO] 22:09:44:822 kernel_logger/(165806:165890): espacio asignada
[INFO] 22:09:44:849 kernel_logger/(165806:165890): Recibido codigo de operacion: 20
[INFO] 22:09:44:849 kernel_logger/(165806:165890): paquete recibido
[INFO] 22:16:53:245 kernel_logger/(166450:166450): diccionario
[INFO] 22:16:53:257 kernel_logger/(166450:166450): fors
[INFO] 22:16:53:259 kernel_logger/(166450:166450): No es null el archivo de config
[INFO] 03:24:36:707 kernel_logger/(4463:4463): diccionario
[INFO] 03:24:36:712 kernel_logger/(4463:4463): fors
[INFO] 03:24:36:712 kernel_logger/(4463:4463): No es null el archivo de config
[INFO] 03:25:08:825 kernel_logger/(4463:4589): escuchando a consola
[INFO] 03:25:08:831 kernel_logger/(4463:4589): espacio asignada
[INFO] 03:25:08:833 kernel_logger/(4463:4589): Recibido codigo de operacion: 20
[INFO] 03:25:08:835 kernel_logger/(4463:4589): paquete recibido
[INFO] 04:02:59:434 kernel_logger/(2733:2733): diccionario
[INFO] 04:02:59:453 kernel_logger/(2733:2733): fors
[INFO] 04:02:59:453 kernel_logger/(2733:2733): No es null el archivo de config
[INFO] 04:03:59:361 kernel_logger/(2733:2820): escuchando a consola
[INFO] 04:03:59:365 kernel_logger/(2733:2820): espacio asignada
[INFO] 04:03:59:369 kernel_logger/(2733:2820): Recibido codigo de operacion: 20
[INFO] 04:03:59:369 kernel_logger/(2733:2820): paquete recibido
[INFO] 04:05:32:448 kernel_logger/(3281:3281): diccionario
[INFO] 04:05:32:448 kernel_logger/(3281:3281): fors
[INFO] 04:05:32:448 kernel_logger/(3281:3281): No es null el archivo de config
[INFO] 04:09:06:408 kernel_logger/(3704:3704): diccionario
[INFO] 04:09:06:410 kernel_logger/(3704:3704): fors
[INFO] 04:09:06:411 kernel_logger/(3704:3704): No es null el archivo de config
[INFO] 04:10:45:950 kernel_logger/(3704:3858): escuchando a consola
[INFO] 04:10:45:950 kernel_logger/(3704:3858): espacio asignada
[INFO] 04:11:57:681 kernel_logger/(3704:3858): Recibido codigo de operacion: 0
[INFO] 04:11:57:682 kernel_logger/(3704:3858): paquete recibido
[INFO] 04:11:57:682 kernel_logger/(3704:3858): recibi lista de instrucciones
[INFO] 04:11:57:682 kernel_logger/(3704:3858): Se crea el proceso 3704 en NEW
[INFO] 04:11:57:683 kernel_logger/(3704:3705): ingreso proceso a listos
[INFO] 04:12:13:844 kernel_logger/(3704:4144): escuchando a consola
[INFO] 04:12:13:846 kernel_logger/(3704:4144): espacio asignada
[INFO] 04:13:55:176 kernel_logger/(3704:4144): Recibido codigo de operacion: 0
[INFO] 04:13:55:178 kernel_logger/(3704:4144): paquete recibido
[INFO] 04:13:55:183 kernel_logger/(3704:4144): recibi lista de instrucciones
[INFO] 04:13:55:183 kernel_logger/(3704:4144): Se crea el proceso 3704 en NEW
[INFO] 04:14:20:013 kernel_logger/(3704:4564): escuchando a consola
[INFO] 04:14:20:018 kernel_logger/(3704:4564): espacio asignada
[INFO] 04:16:19:882 kernel_logger/(3704:4564): Recibido codigo de operacion: 0
[INFO] 04:16:19:889 kernel_logger/(3704:4564): paquete recibido
[INFO] 04:16:19:889 kernel_logger/(3704:4564): recibi lista de instrucciones
[INFO] 04:16:19:889 kernel_logger/(3704:4564): Se crea el proceso 3704 en NEW
[INFO] 04:16:39:817 kernel_logger/(3704:4869): escuchando a consola
[INFO] 04:16:39:819 kernel_logger/(3704:4869): espacio asignada
[INFO] 04:17:53:533 kernel_logger/(3704:4869): Recibido codigo de operacion: 20
[INFO] 04:17:53:534 kernel_logger/(3704:4869): paquete recibido
[INFO] 04:21:28:716 kernel_logger/(5655:5655): diccionario
[INFO] 04:21:28:719 kernel_logger/(5655:5655): fors
[INFO] 04:21:28:719 kernel_logger/(5655:5655): No es null el archivo de config
[INFO] 04:21:33:085 kernel_logger/(5655:5694): escuchando a consola
[INFO] 04:21:33:089 kernel_logger/(5655:5694): espacio asignada
[INFO] 04:21:33:090 kernel_logger/(5655:5694): Recibido codigo de operacion: 20
[INFO] 04:21:33:092 kernel_logger/(5655:5694): paquete recibido
[INFO] 04:24:28:495 kernel_logger/(5906:5906): diccionario
[INFO] 04:24:28:503 kernel_logger/(5906:5906): fors
[INFO] 04:24:28:504 kernel_logger/(5906:5906): No es null el archivo de config
[INFO] 04:24:33:346 kernel_logger/(5906:5935): escuchando a consola
[INFO] 04:24:33:351 kernel_logger/(5906:5935): espacio asignada
[INFO] 04:24:33:351 kernel_logger/(5906:5935): Recibido codigo de operacion: 20
[INFO] 04:24:33:351 kernel_logger/(5906:5935): paquete recibido
[INFO] 04:28:48:191 kernel_logger/(6241:6241): diccionario
[INFO] 04:28:48:193 kernel_logger/(6241:6241): fors
[INFO] 04:28:48:193 kernel_logger/(6241:6241): No es null el archivo de config
[INFO] 04:31:19:115 kernel_logger/(6495:6495): diccionario
[INFO] 04:31:19:163 kernel_logger/(6495:6495): fors
[INFO] 04:31:19:163 kernel_logger/(6495:6495): No es null el archivo de config
[INFO] 04:31:27:506 kernel_logger/(6495:6533): escuchando a consola
[INFO] 04:31:27:509 kernel_logger/(6495:6533): espacio asignada
[INFO] 04:31:27:509 kernel_logger/(6495:6533): Recibido codigo de operacion: 20
[INFO] 04:31:27:509 kernel_logger/(6495:6533): paquete recibido
[INFO] 04:34:02:808 kernel_logger/(6793:6793): diccionario
[INFO] 04:34:02:810 kernel_logger/(6793:6793): fors
[INFO] 04:34:02:810 kernel_logger/(6793:6793): No es null el archivo de config
[INFO] 04:36:01:260 kernel_logger/(6989:6989): diccionario
[INFO] 04:36:01:262 kernel_logger/(6989:6989): fors
[INFO] 04:36:01:262 kernel_logger/(6989:6989): No es null el archivo de config
[INFO] 04:36:06:982 kernel_logger/(6989:7030): escuchando a consola
[INFO] 04:36:06:982 kernel_logger/(6989:7030): espacio asignada
[INFO] 04:36:06:983 kernel_logger/(6989:7030): Recibido codigo de operacion: 20
[INFO] 04:36:06:983 kernel_logger/(6989:7030): paquete recibido
[INFO] 04:38:00:410 kernel_logger/(7233:7233): diccionario
[INFO] 04:38:00:411 kernel_logger/(7233:7233): fors
[INFO] 04:38:00:413 kernel_logger/(7233:7233): No es null el archivo de config
[INFO] 04:38:08:096 kernel_logger/(7233:7265): escuchando a consola
[INFO] 04:38:30:814 kernel_logger/(7233:7265): espacio asignada
[INFO] 04:38:39:030 kernel_logger/(7233:7265): Recibido codigo de operacion: 20
[INFO] 04:39:10:312 kernel_logger/(7233:7265): paquete recibido
[INFO] 04:47:13:735 kernel_logger/(7757:7757): diccionario
[INFO] 04:47:13:737 kernel_logger/(7757:7757): fors
[INFO] 04:47:13:739 kernel_logger/(7757:7757): No es null el archivo de config
[INFO] 04:47:20:024 kernel_logger/(7757:7798): escuchando a consola
[INFO] 04:47:37:535 kernel_logger/(7757:7798): espacio asignada
[INFO] 04:47:40:855 kernel_logger/(7757:7798): Recibido codigo de operacion: 20
[INFO] 04:48:21:886 kernel_logger/(7757:7798): paquete recibido
[INFO] 05:14:34:528 kernel_logger/(9021:9021): diccionario
[INFO] 05:14:34:531 kernel_logger/(9021:9021): fors
[INFO] 05:14:34:532 kernel_logger/(9021:9021): No es null el archivo de config
[INFO] 05:14:47:428 kernel_logger/(9021:9085): escuchando a consola
[INFO] 05:14:47:428 kernel_logger/(9021:9085): paquete recibido
[INFO] 05:16:19:379 kernel_logger/(9021:9085): recibi lista de instrucciones
[INFO] 05:16:19:381 kernel_logger/(9021:9085): Se crea el proceso 9021 en NEW
[INFO] 05:16:19:381 kernel_logger/(9021:9038): ingreso proceso a listos
[INFO] 05:17:05:784 kernel_logger/(9316:9316): diccionario
[INFO] 05:17:05:786 kernel_logger/(9316:9316): fors
[INFO] 05:17:05:789 kernel_logger/(9316:9316): No es null el archivo de config
[INFO] 05:18:25:921 kernel_logger/(9737:9737): diccionario
[INFO] 05:18:25:923 kernel_logger/(9737:9737): fors
[INFO] 05:18:25:925 kernel_logger/(9737:9737): No es null el archivo de config
[INFO] 05:18:35:137 kernel_logger/(9737:9773): escuchando a consola
[INFO] 05:18:35:138 kernel_logger/(9737:9773): paquete recibido
[INFO] 05:19:43:086 kernel_logger/(9737:9773): recibi lista de instrucciones
[INFO] 05:21:34:647 kernel_logger/(9737:9773): Se crea el proceso 9737 en NEW
[INFO] 05:21:48:822 kernel_logger/(9737:9749): ingreso proceso a listos
[INFO] 05:25:06:297 kernel_logger/(10351:10351): diccionario
[INFO] 05:25:06:300 kernel_logger/(10351:10351): fors
[INFO] 05:25:06:300 kernel_logger/(10351:10351): No es null el archivo de config
[INFO] 05:25:10:074 kernel_logger/(10351:10381): escuchando a consola
[INFO] 05:25:10:075 kernel_logger/(10351:10381): paquete recibido
[INFO] 05:25:10:076 kernel_logger/(10351:10381): recibi lista de instrucciones
[INFO] 05:25:23:720 kernel_logger/(10351:10381): Se crea el proceso 10351 en NEW
[INFO] 05:26:09:828 kernel_logger/(10351:10368): ingreso proceso a listos
[INFO] 05:26:39:596 kernel_logger/(10351:10369): conecte con cpu
[INFO] 05:29:56:017 kernel_logger/(11011:11011): diccionario
[INFO] 05:29:56:020 kernel_logger/(11011:11011): fors
[INFO] 05:29:56:021 kernel_logger/(11011:11011): No es null el archivo de config
[INFO] 05:30:51:724 kernel_logger/(11375:11375): diccionario
[INFO] 05:30:51:726 kernel_logger/(11375:11375): fors
[INFO] 05:30:51:726 kernel_logger/(11375:11375): No es null el archivo de config
[INFO] 05:30:59:606 kernel_logger/(11375:11404): escuchando a consola
[INFO] 05:30:59:609 kernel_logger/(11375:11404): paquete recibido
[INFO] 05:30:59:610 kernel_logger/(11375:11404): recibi lista de instrucciones
[INFO] 05:30:59:611 kernel_logger/(11375:11404): Se crea el proceso 11375 en NEW
[INFO] 05:31:23:935 kernel_logger/(11375:11380): ingreso proceso a listos
[INFO] 05:31:38:373 kernel_logger/(11375:11381): conecte con cpu
[INFO] 05:33:53:716 kernel_logger/(11909:11909): diccionario
[INFO] 05:33:53:718 kernel_logger/(11909:11909): fors
[INFO] 05:33:53:719 kernel_logger/(11909:11909): No es null el archivo de config
[INFO] 05:34:34:196 kernel_logger/(12154:12154): diccionario
[INFO] 05:34:34:198 kernel_logger/(12154:12154): fors
[INFO] 05:34:34:198 kernel_logger/(12154:12154): No es null el archivo de config
[INFO] 05:34:36:631 kernel_logger/(12154:12194): escuchando a consola
[INFO] 05:34:36:633 kernel_logger/(12154:12194): paquete recibido
[INFO] 05:34:36:635 kernel_logger/(12154:12194): recibi lista de instrucciones
[INFO] 05:34:36:637 kernel_logger/(12154:12194): Se crea el proceso 12154 en NEW
[INFO] 05:34:50:344 kernel_logger/(12154:12160): ingreso proceso a listos
[INFO] 05:35:11:895 kernel_logger/(12154:12161): conecte con cpu
