[INFO] 14:10:28:614 SOtp/(2994:2994): llegue vivo
[INFO] 14:10:28:630 SOtp/(2994:2994): No es null el archivo de config
[INFO] 14:10:28:630 SOtp/(2994:2994): hrrn
[ERROR] 14:10:28:630 SOtp/(2994:2994): Error: Connection refused
[ERROR] 14:10:28:642 SOtp/(2994:2996): Error: Bad file descriptor
[ERROR] 14:10:28:649 SOtp/(2994:2998): Error: Bad file descriptor
[ERROR] 14:10:28:650 SOtp/(2994:2998): Error: Bad file descriptor
[ERROR] 14:10:28:650 SOtp/(2994:2996): Error: Bad file descriptor
[ERROR] 14:10:28:658 SOtp/(2994:2997): Error: Bad file descriptor
[ERROR] 14:10:28:658 SOtp/(2994:2997): Error: Bad file descriptor
[ERROR] 14:10:29:658 SOtp/(2994:2998): Error: Bad file descriptor
[ERROR] 14:10:29:659 SOtp/(2994:2998): Error: Bad file descriptor
[ERROR] 14:10:29:659 SOtp/(2994:2996): Error: Bad file descriptor
[ERROR] 14:10:29:659 SOtp/(2994:2996): Error: Bad file descriptor
[ERROR] 14:10:29:668 SOtp/(2994:2997): Error: Bad file descriptor
[ERROR] 14:10:29:668 SOtp/(2994:2997): Error: Bad file descriptor
[ERROR] 14:10:30:666 SOtp/(2994:2998): Error: Bad file descriptor
[ERROR] 14:10:30:669 SOtp/(2994:2998): Error: Bad file descriptor
[ERROR] 14:10:30:669 SOtp/(2994:2996): Error: Bad file descriptor
[ERROR] 14:10:30:670 SOtp/(2994:2996): Error: Bad file descriptor
[ERROR] 14:10:30:674 SOtp/(2994:2997): Error: Bad file descriptor
[ERROR] 14:10:30:675 SOtp/(2994:2997): Error: Bad file descriptor
[ERROR] 14:10:31:674 SOtp/(2994:2998): Error: Bad file descriptor
[ERROR] 14:10:31:675 SOtp/(2994:2998): Error: Bad file descriptor
[ERROR] 14:10:31:675 SOtp/(2994:2996): Error: Bad file descriptor
[ERROR] 14:10:31:676 SOtp/(2994:2996): Error: Bad file descriptor
[ERROR] 14:10:31:681 SOtp/(2994:2997): Error: Bad file descriptor
[ERROR] 14:10:31:681 SOtp/(2994:2997): Error: Bad file descriptor
[ERROR] 14:10:32:677 SOtp/(2994:2998): Error: Bad file descriptor
[ERROR] 14:10:32:681 SOtp/(2994:2998): Error: Bad file descriptor
[ERROR] 14:10:32:681 SOtp/(2994:2996): Error: Bad file descriptor
[ERROR] 14:10:32:681 SOtp/(2994:2996): Error: Bad file descriptor
[ERROR] 14:10:32:688 SOtp/(2994:2997): Error: Bad file descriptor
[ERROR] 14:10:32:688 SOtp/(2994:2997): Error: Bad file descriptor
[ERROR] 14:10:33:690 SOtp/(2994:2998): Error: Bad file descriptor
[ERROR] 14:10:33:691 SOtp/(2994:2998): Error: Bad file descriptor
[ERROR] 14:10:33:691 SOtp/(2994:2996): Error: Bad file descriptor
[ERROR] 14:10:33:691 SOtp/(2994:2996): Error: Bad file descriptor
[ERROR] 14:10:33:695 SOtp/(2994:2997): Error: Bad file descriptor
[ERROR] 14:10:33:695 SOtp/(2994:2997): Error: Bad file descriptor
[INFO] 14:13:30:322 SOtp/(3368:3368): llegue vivo
[INFO] 14:13:30:327 SOtp/(3368:3368): No es null el archivo de config
[INFO] 14:13:30:327 SOtp/(3368:3368): hrrn
[INFO] 14:30:59:255 SOtp/(4689:4689): llegue vivo
[INFO] 14:30:59:266 SOtp/(4689:4689): No es null el archivo de config
[INFO] 14:30:59:269 SOtp/(4689:4689): hrrn
[INFO] 15:35:11:539 SOtp/(9592:9592): llegue vivo
[INFO] 15:35:11:560 SOtp/(9592:9592): No es null el archivo de config
[INFO] 15:35:11:563 SOtp/(9592:9592): hrrn
[INFO] 15:35:36:277 SOtp/(9592:9592): conectado
[INFO] 15:38:56:889 SOtp/(9592:9592): conectado
[INFO] 15:50:36:413 SOtp/(9592:9592): conectado
[INFO] 15:52:59:523 SOtp/(9592:9592): conectado
[INFO] 15:55:06:313 SOtp/(11154:11154): llegue vivo
[INFO] 15:55:06:322 SOtp/(11154:11154): No es null el archivo de config
[INFO] 15:55:06:325 SOtp/(11154:11154): hrrn
[ERROR] 15:55:06:326 SOtp/(11154:11154): Error: Connection refused
[INFO] 15:56:00:350 SOtp/(11252:11252): llegue vivo
[INFO] 15:56:00:357 SOtp/(11252:11252): No es null el archivo de config
[INFO] 15:56:00:363 SOtp/(11252:11252): hrrn
[ERROR] 15:56:00:363 SOtp/(11252:11252): Error: Connection refused
[INFO] 15:57:35:322 SOtp/(11415:11415): llegue vivo
[INFO] 15:57:35:333 SOtp/(11415:11415): No es null el archivo de config
[INFO] 15:57:35:347 SOtp/(11415:11415): hrrn
[ERROR] 15:57:35:348 SOtp/(11415:11415): Error: Connection refused
[INFO] 15:57:35:348 SOtp/(11415:11415): conecte con cpu
[INFO] 15:59:16:160 SOtp/(11577:11577): llegue vivo
[INFO] 15:59:16:163 SOtp/(11577:11577): No es null el archivo de config
[INFO] 15:59:16:167 SOtp/(11577:11577): hrrn
[ERROR] 15:59:16:169 SOtp/(11577:11577): Error: Connection refused
[INFO] 15:59:16:170 SOtp/(11577:11577): conecte con cpu
[INFO] 16:04:55:232 SOtp/(11859:11859): 8001
[INFO] 16:04:55:243 SOtp/(11859:11859): llegue vivo
[INFO] 16:04:55:246 SOtp/(11859:11859): No es null el archivo de config
[INFO] 16:04:55:246 SOtp/(11859:11859): hrrn
[ERROR] 16:04:55:248 SOtp/(11859:11859): Error: Connection refused
[INFO] 16:04:55:252 SOtp/(11859:11859): conecte con cpu
[INFO] 16:07:55:870 SOtp/(12439:12439): 8001
[INFO] 16:07:55:882 SOtp/(12439:12439): llegue vivo
[INFO] 16:07:55:887 SOtp/(12439:12439): No es null el archivo de config
[INFO] 16:07:55:887 SOtp/(12439:12439): hrrn
[INFO] 16:07:55:889 SOtp/(12439:12439): conecte con cpu
[INFO] 16:10:05:720 SOtp/(12439:12439): conectado
[INFO] 03:22:55:176 kernel_logger/(13446:13446): config levantado
[INFO] 03:25:26:792 kernel_logger/(13661:13661): config levantado
[INFO] 03:26:42:764 kernel_logger/(13807:13807): config levantado
[INFO] 03:28:00:452 kernel_logger/(14026:14026): config levantado
[INFO] 03:28:50:287 kernel_logger/(14198:14198): config levantado
[INFO] 03:29:37:959 kernel_logger/(14358:14358): config levantado
[INFO] 03:30:27:235 kernel_logger/(14501:14501): config levantado
[INFO] 03:30:27:249 kernel_logger/(14501:14501): colas
[INFO] 03:30:27:254 kernel_logger/(14501:14501): semaforos
[INFO] 03:31:48:983 kernel_logger/(14694:14694): config levantado
[INFO] 03:31:48:983 kernel_logger/(14694:14694): colas
[INFO] 03:31:48:983 kernel_logger/(14694:14694): semaforos
[INFO] 03:31:48:983 kernel_logger/(14694:14694): diccionario
[INFO] 03:33:41:124 kernel_logger/(14905:14905): config levantado
[INFO] 03:33:41:135 kernel_logger/(14905:14905): colas
[INFO] 03:33:41:145 kernel_logger/(14905:14905): semaforos
[INFO] 03:33:41:145 kernel_logger/(14905:14905): diccionario
[INFO] 03:33:41:145 kernel_logger/(14905:14905): fors
[INFO] 03:33:41:145 kernel_logger/(14905:14905): recursos
[INFO] 03:33:41:145 kernel_logger/(14905:14905): No es null el archivo de config
[INFO] 03:33:41:145 kernel_logger/(14905:14905): hilos abajo !
[INFO] 03:33:41:145 kernel_logger/(14905:14905): llegue
[INFO] 03:33:41:146 kernel_logger/(14905:14905): hilos arriba !
[INFO] 03:33:41:147 kernel_logger/(14905:14906): rompo1
[INFO] 03:38:00:665 kernel_logger/(15406:15406): diccionario
[INFO] 03:38:00:680 kernel_logger/(15406:15406): fors
[INFO] 03:38:00:685 kernel_logger/(15406:15406): No es null el archivo de config
[INFO] 03:38:00:685 kernel_logger/(15406:15406): hilos abajo !
[INFO] 03:38:00:685 kernel_logger/(15406:15406): llegue
[INFO] 03:38:00:686 kernel_logger/(15406:15406): hilos arriba !
[INFO] 03:38:00:688 kernel_logger/(15406:15406): llego vivo hasta acá
[INFO] 03:40:34:023 kernel_logger/(15763:15763): diccionario
[INFO] 03:40:34:032 kernel_logger/(15763:15763): fors
[INFO] 03:40:34:044 kernel_logger/(15763:15763): No es null el archivo de config
[INFO] 03:40:34:044 kernel_logger/(15763:15763): llegue
[INFO] 03:40:48:770 kernel_logger/(15763:15815): escuchando a consola
[INFO] 03:43:54:183 kernel_logger/(15763:15815): Recibido codigo de operacion: -1945695344
[INFO] 03:43:54:184 kernel_logger/(15763:15815): recibi lista de instrucciones
[INFO] 03:43:54:184 kernel_logger/(15763:15815): Se crea el proceso 15763 en NEW
[INFO] 03:43:54:184 kernel_logger/(15763:15764): ingreso proceso a listos
[INFO] 03:44:03:140 kernel_logger/(15763:16131): escuchando a consola
[INFO] 03:57:13:792 kernel_logger/(16839:16839): diccionario
[INFO] 03:57:13:814 kernel_logger/(16839:16839): fors
[INFO] 03:57:13:817 kernel_logger/(16839:16839): No es null el archivo de config
[INFO] 03:57:13:820 kernel_logger/(16839:16839): llegue
[INFO] 03:58:51:335 kernel_logger/(17194:17194): diccionario
[INFO] 03:58:51:342 kernel_logger/(17194:17194): fors
[INFO] 03:58:51:344 kernel_logger/(17194:17194): No es null el archivo de config
[INFO] 03:58:51:345 kernel_logger/(17194:17194): llegue
[INFO] 03:58:59:773 kernel_logger/(17194:17243): escuchando a consola
[INFO] 04:01:54:263 kernel_logger/(17767:17767): diccionario
[INFO] 04:01:54:273 kernel_logger/(17767:17767): fors
[INFO] 04:01:54:274 kernel_logger/(17767:17767): No es null el archivo de config
[INFO] 04:02:10:403 kernel_logger/(17767:17819): escuchando a consola
[INFO] 04:11:11:677 kernel_logger/(18715:18715): diccionario
[INFO] 04:11:11:695 kernel_logger/(18715:18715): fors
[INFO] 04:11:11:696 kernel_logger/(18715:18715): No es null el archivo de config
[INFO] 04:11:23:186 kernel_logger/(18715:18764): escuchando a consola
[INFO] 04:11:23:186 kernel_logger/(18715:18764): espacio asignada
[INFO] 04:19:18:535 kernel_logger/(19417:19417): diccionario
[INFO] 04:19:18:544 kernel_logger/(19417:19417): fors
[INFO] 04:19:18:560 kernel_logger/(19417:19417): No es null el archivo de config
[INFO] 04:19:25:662 kernel_logger/(19417:19466): escuchando a consola
[INFO] 04:19:25:663 kernel_logger/(19417:19466): espacio asignada
[INFO] 04:21:32:189 kernel_logger/(19653:19653): diccionario
[INFO] 04:21:32:191 kernel_logger/(19653:19653): fors
[INFO] 04:21:32:197 kernel_logger/(19653:19653): No es null el archivo de config
[INFO] 04:22:51:929 kernel_logger/(19899:19899): diccionario
[INFO] 04:22:51:944 kernel_logger/(19899:19899): fors
[INFO] 04:22:51:948 kernel_logger/(19899:19899): No es null el archivo de config
[INFO] 04:23:00:172 kernel_logger/(19899:19954): escuchando a consola
[INFO] 04:23:00:172 kernel_logger/(19899:19954): espacio asignada
[INFO] 04:28:55:395 kernel_logger/(20431:20431): diccionario
[INFO] 04:28:55:411 kernel_logger/(20431:20431): fors
[INFO] 04:28:55:412 kernel_logger/(20431:20431): No es null el archivo de config
[INFO] 04:29:28:485 kernel_logger/(20528:20528): diccionario
[INFO] 04:29:28:487 kernel_logger/(20528:20528): fors
[INFO] 04:29:28:490 kernel_logger/(20528:20528): No es null el archivo de config
[INFO] 04:29:36:917 kernel_logger/(20528:20577): escuchando a consola
[INFO] 04:29:36:920 kernel_logger/(20528:20577): espacio asignada
[INFO] 04:29:52:314 kernel_logger/(20528:20577): Recibido codigo de operacion: 0
[INFO] 04:29:52:322 kernel_logger/(20528:20577): paquete recibido
[INFO] 04:29:52:322 kernel_logger/(20528:20577): recibi lista de instrucciones
[INFO] 04:29:52:322 kernel_logger/(20528:20577): Se crea el proceso 20528 en NEW
[INFO] 04:29:52:323 kernel_logger/(20528:20529): ingreso proceso a listos
[INFO] 04:31:07:311 kernel_logger/(20972:20972): diccionario
[INFO] 04:31:07:324 kernel_logger/(20972:20972): fors
[INFO] 04:31:07:326 kernel_logger/(20972:20972): No es null el archivo de config
[INFO] 04:31:15:204 kernel_logger/(20972:21036): escuchando a consola
[INFO] 04:31:15:205 kernel_logger/(20972:21036): espacio asignada
[INFO] 04:31:15:209 kernel_logger/(20972:21036): Recibido codigo de operacion: 20
[INFO] 04:31:15:212 kernel_logger/(20972:21036): paquete recibido
[INFO] 04:40:51:091 kernel_logger/(21409:21409): diccionario
[INFO] 04:40:51:119 kernel_logger/(21409:21409): fors
[INFO] 04:40:51:119 kernel_logger/(21409:21409): No es null el archivo de config
[INFO] 04:41:39:321 kernel_logger/(21589:21589): diccionario
[INFO] 04:41:39:337 kernel_logger/(21589:21589): fors
[INFO] 04:41:39:339 kernel_logger/(21589:21589): No es null el archivo de config
[INFO] 04:41:47:364 kernel_logger/(21589:21641): escuchando a consola
[INFO] 04:41:47:366 kernel_logger/(21589:21641): espacio asignada
[INFO] 04:41:47:366 kernel_logger/(21589:21641): Recibido codigo de operacion: 20
[INFO] 04:41:47:366 kernel_logger/(21589:21641): paquete recibido
[INFO] 04:49:09:311 kernel_logger/(22394:22394): diccionario
[INFO] 04:49:09:314 kernel_logger/(22394:22394): fors
[INFO] 04:49:09:321 kernel_logger/(22394:22394): No es null el archivo de config
[INFO] 04:49:17:930 kernel_logger/(22394:22443): escuchando a consola
[INFO] 04:49:17:930 kernel_logger/(22394:22443): espacio asignada
[INFO] 04:49:17:930 kernel_logger/(22394:22443): Recibido codigo de operacion: 20
[INFO] 04:49:17:930 kernel_logger/(22394:22443): paquete recibido
[INFO] 05:07:44:376 kernel_logger/(23338:23338): diccionario
[INFO] 05:07:44:383 kernel_logger/(23338:23338): fors
[INFO] 05:07:44:389 kernel_logger/(23338:23338): No es null el archivo de config
[INFO] 05:07:51:161 kernel_logger/(23338:23382): escuchando a consola
[INFO] 05:07:51:162 kernel_logger/(23338:23382): espacio asignada
[INFO] 05:07:51:162 kernel_logger/(23338:23382): Recibido codigo de operacion: 20
[INFO] 05:07:51:162 kernel_logger/(23338:23382): paquete recibido
[INFO] 17:46:26:030 kernel_logger/(4720:4720): diccionario
[INFO] 17:46:26:035 kernel_logger/(4720:4720): fors
[INFO] 17:46:26:035 kernel_logger/(4720:4720): No es null el archivo de config
[INFO] 17:46:46:289 kernel_logger/(4720:4833): escuchando a consola
[INFO] 17:46:46:292 kernel_logger/(4720:4833): espacio asignada
[INFO] 17:46:46:294 kernel_logger/(4720:4833): Recibido codigo de operacion: 20
[INFO] 17:46:46:298 kernel_logger/(4720:4833): paquete recibido
[INFO] 18:42:57:959 kernel_logger/(6087:6087): diccionario
[INFO] 18:42:57:965 kernel_logger/(6087:6087): fors
[INFO] 18:42:57:966 kernel_logger/(6087:6087): No es null el archivo de config
[INFO] 18:43:02:557 kernel_logger/(6087:6117): escuchando a consola
[INFO] 18:43:02:559 kernel_logger/(6087:6117): espacio asignada
[INFO] 18:43:02:560 kernel_logger/(6087:6117): Recibido codigo de operacion: 20
[INFO] 18:43:02:560 kernel_logger/(6087:6117): paquete recibido
[INFO] 18:51:06:902 kernel_logger/(156138:156138): diccionario
[INFO] 18:51:06:906 kernel_logger/(156138:156138): fors
[INFO] 18:51:06:908 kernel_logger/(156138:156138): No es null el archivo de config
[INFO] 18:51:12:673 kernel_logger/(156138:156188): escuchando a consola
[INFO] 18:51:12:674 kernel_logger/(156138:156188): espacio asignada
[INFO] 18:51:12:676 kernel_logger/(156138:156188): Recibido codigo de operacion: 20
[INFO] 18:51:12:676 kernel_logger/(156138:156188): paquete recibido
[INFO] 21:45:03:897 kernel_logger/(163483:163483): diccionario
[INFO] 21:45:03:905 kernel_logger/(163483:163483): fors
[INFO] 21:45:03:906 kernel_logger/(163483:163483): No es null el archivo de config
[INFO] 21:45:32:695 kernel_logger/(163483:163593): escuchando a consola
[INFO] 21:45:32:696 kernel_logger/(163483:163593): espacio asignada
[INFO] 21:45:32:696 kernel_logger/(163483:163593): Recibido codigo de operacion: 20
[INFO] 21:45:32:696 kernel_logger/(163483:163593): paquete recibido
[INFO] 21:47:27:077 kernel_logger/(163997:163997): diccionario
[INFO] 21:47:27:087 kernel_logger/(163997:163997): fors
[INFO] 21:47:27:090 kernel_logger/(163997:163997): No es null el archivo de config
[INFO] 21:47:34:267 kernel_logger/(163997:164051): escuchando a consola
[INFO] 21:47:34:269 kernel_logger/(163997:164051): espacio asignada
[INFO] 21:47:34:270 kernel_logger/(163997:164051): Recibido codigo de operacion: 20
[INFO] 21:47:34:270 kernel_logger/(163997:164051): paquete recibido
[INFO] 21:49:45:008 kernel_logger/(164383:164383): diccionario
[INFO] 21:49:45:016 kernel_logger/(164383:164383): fors
[INFO] 21:49:45:020 kernel_logger/(164383:164383): No es null el archivo de config
[INFO] 21:49:53:021 kernel_logger/(164383:164441): escuchando a consola
[INFO] 21:49:53:023 kernel_logger/(164383:164441): espacio asignada
[INFO] 21:49:53:025 kernel_logger/(164383:164441): Recibido codigo de operacion: 20
[INFO] 21:49:53:027 kernel_logger/(164383:164441): paquete recibido
[INFO] 22:09:37:070 kernel_logger/(165806:165806): diccionario
[INFO] 22:09:37:073 kernel_logger/(165806:165806): fors
[INFO] 22:09:37:073 kernel_logger/(165806:165806): No es null el archivo de config
[INFO] 22:09:44:822 kernel_logger/(165806:165890): escuchando a consola
[INFO] 22:09:44:822 kernel_logger/(165806:165890): espacio asignada
[INFO] 22:09:44:849 kernel_logger/(165806:165890): Recibido codigo de operacion: 20
[INFO] 22:09:44:849 kernel_logger/(165806:165890): paquete recibido
[INFO] 22:16:53:245 kernel_logger/(166450:166450): diccionario
[INFO] 22:16:53:257 kernel_logger/(166450:166450): fors
[INFO] 22:16:53:259 kernel_logger/(166450:166450): No es null el archivo de config
[INFO] 03:24:36:707 kernel_logger/(4463:4463): diccionario
[INFO] 03:24:36:712 kernel_logger/(4463:4463): fors
[INFO] 03:24:36:712 kernel_logger/(4463:4463): No es null el archivo de config
[INFO] 03:25:08:825 kernel_logger/(4463:4589): escuchando a consola
[INFO] 03:25:08:831 kernel_logger/(4463:4589): espacio asignada
[INFO] 03:25:08:833 kernel_logger/(4463:4589): Recibido codigo de operacion: 20
[INFO] 03:25:08:835 kernel_logger/(4463:4589): paquete recibido
[INFO] 04:02:59:434 kernel_logger/(2733:2733): diccionario
[INFO] 04:02:59:453 kernel_logger/(2733:2733): fors
[INFO] 04:02:59:453 kernel_logger/(2733:2733): No es null el archivo de config
[INFO] 04:03:59:361 kernel_logger/(2733:2820): escuchando a consola
[INFO] 04:03:59:365 kernel_logger/(2733:2820): espacio asignada
[INFO] 04:03:59:369 kernel_logger/(2733:2820): Recibido codigo de operacion: 20
[INFO] 04:03:59:369 kernel_logger/(2733:2820): paquete recibido
[INFO] 04:05:32:448 kernel_logger/(3281:3281): diccionario
[INFO] 04:05:32:448 kernel_logger/(3281:3281): fors
[INFO] 04:05:32:448 kernel_logger/(3281:3281): No es null el archivo de config
[INFO] 04:09:06:408 kernel_logger/(3704:3704): diccionario
[INFO] 04:09:06:410 kernel_logger/(3704:3704): fors
[INFO] 04:09:06:411 kernel_logger/(3704:3704): No es null el archivo de config
[INFO] 04:10:45:950 kernel_logger/(3704:3858): escuchando a consola
[INFO] 04:10:45:950 kernel_logger/(3704:3858): espacio asignada
[INFO] 04:11:57:681 kernel_logger/(3704:3858): Recibido codigo de operacion: 0
[INFO] 04:11:57:682 kernel_logger/(3704:3858): paquete recibido
[INFO] 04:11:57:682 kernel_logger/(3704:3858): recibi lista de instrucciones
[INFO] 04:11:57:682 kernel_logger/(3704:3858): Se crea el proceso 3704 en NEW
[INFO] 04:11:57:683 kernel_logger/(3704:3705): ingreso proceso a listos
[INFO] 04:12:13:844 kernel_logger/(3704:4144): escuchando a consola
[INFO] 04:12:13:846 kernel_logger/(3704:4144): espacio asignada
[INFO] 04:13:55:176 kernel_logger/(3704:4144): Recibido codigo de operacion: 0
[INFO] 04:13:55:178 kernel_logger/(3704:4144): paquete recibido
[INFO] 04:13:55:183 kernel_logger/(3704:4144): recibi lista de instrucciones
[INFO] 04:13:55:183 kernel_logger/(3704:4144): Se crea el proceso 3704 en NEW
[INFO] 04:14:20:013 kernel_logger/(3704:4564): escuchando a consola
[INFO] 04:14:20:018 kernel_logger/(3704:4564): espacio asignada
[INFO] 04:16:19:882 kernel_logger/(3704:4564): Recibido codigo de operacion: 0
[INFO] 04:16:19:889 kernel_logger/(3704:4564): paquete recibido
[INFO] 04:16:19:889 kernel_logger/(3704:4564): recibi lista de instrucciones
[INFO] 04:16:19:889 kernel_logger/(3704:4564): Se crea el proceso 3704 en NEW
[INFO] 04:16:39:817 kernel_logger/(3704:4869): escuchando a consola
[INFO] 04:16:39:819 kernel_logger/(3704:4869): espacio asignada
[INFO] 04:17:53:533 kernel_logger/(3704:4869): Recibido codigo de operacion: 20
[INFO] 04:17:53:534 kernel_logger/(3704:4869): paquete recibido
[INFO] 04:21:28:716 kernel_logger/(5655:5655): diccionario
[INFO] 04:21:28:719 kernel_logger/(5655:5655): fors
[INFO] 04:21:28:719 kernel_logger/(5655:5655): No es null el archivo de config
[INFO] 04:21:33:085 kernel_logger/(5655:5694): escuchando a consola
[INFO] 04:21:33:089 kernel_logger/(5655:5694): espacio asignada
[INFO] 04:21:33:090 kernel_logger/(5655:5694): Recibido codigo de operacion: 20
[INFO] 04:21:33:092 kernel_logger/(5655:5694): paquete recibido
[INFO] 04:24:28:495 kernel_logger/(5906:5906): diccionario
[INFO] 04:24:28:503 kernel_logger/(5906:5906): fors
[INFO] 04:24:28:504 kernel_logger/(5906:5906): No es null el archivo de config
[INFO] 04:24:33:346 kernel_logger/(5906:5935): escuchando a consola
[INFO] 04:24:33:351 kernel_logger/(5906:5935): espacio asignada
[INFO] 04:24:33:351 kernel_logger/(5906:5935): Recibido codigo de operacion: 20
[INFO] 04:24:33:351 kernel_logger/(5906:5935): paquete recibido
[INFO] 04:28:48:191 kernel_logger/(6241:6241): diccionario
[INFO] 04:28:48:193 kernel_logger/(6241:6241): fors
[INFO] 04:28:48:193 kernel_logger/(6241:6241): No es null el archivo de config
[INFO] 04:31:19:115 kernel_logger/(6495:6495): diccionario
[INFO] 04:31:19:163 kernel_logger/(6495:6495): fors
[INFO] 04:31:19:163 kernel_logger/(6495:6495): No es null el archivo de config
[INFO] 04:31:27:506 kernel_logger/(6495:6533): escuchando a consola
[INFO] 04:31:27:509 kernel_logger/(6495:6533): espacio asignada
[INFO] 04:31:27:509 kernel_logger/(6495:6533): Recibido codigo de operacion: 20
[INFO] 04:31:27:509 kernel_logger/(6495:6533): paquete recibido
[INFO] 04:34:02:808 kernel_logger/(6793:6793): diccionario
[INFO] 04:34:02:810 kernel_logger/(6793:6793): fors
[INFO] 04:34:02:810 kernel_logger/(6793:6793): No es null el archivo de config
[INFO] 04:36:01:260 kernel_logger/(6989:6989): diccionario
[INFO] 04:36:01:262 kernel_logger/(6989:6989): fors
[INFO] 04:36:01:262 kernel_logger/(6989:6989): No es null el archivo de config
[INFO] 04:36:06:982 kernel_logger/(6989:7030): escuchando a consola
[INFO] 04:36:06:982 kernel_logger/(6989:7030): espacio asignada
[INFO] 04:36:06:983 kernel_logger/(6989:7030): Recibido codigo de operacion: 20
[INFO] 04:36:06:983 kernel_logger/(6989:7030): paquete recibido
[INFO] 04:38:00:410 kernel_logger/(7233:7233): diccionario
[INFO] 04:38:00:411 kernel_logger/(7233:7233): fors
[INFO] 04:38:00:413 kernel_logger/(7233:7233): No es null el archivo de config
[INFO] 04:38:08:096 kernel_logger/(7233:7265): escuchando a consola
[INFO] 04:38:30:814 kernel_logger/(7233:7265): espacio asignada
[INFO] 04:38:39:030 kernel_logger/(7233:7265): Recibido codigo de operacion: 20
[INFO] 04:39:10:312 kernel_logger/(7233:7265): paquete recibido
[INFO] 04:47:13:735 kernel_logger/(7757:7757): diccionario
[INFO] 04:47:13:737 kernel_logger/(7757:7757): fors
[INFO] 04:47:13:739 kernel_logger/(7757:7757): No es null el archivo de config
[INFO] 04:47:20:024 kernel_logger/(7757:7798): escuchando a consola
[INFO] 04:47:37:535 kernel_logger/(7757:7798): espacio asignada
[INFO] 04:47:40:855 kernel_logger/(7757:7798): Recibido codigo de operacion: 20
[INFO] 04:48:21:886 kernel_logger/(7757:7798): paquete recibido
[INFO] 05:14:34:528 kernel_logger/(9021:9021): diccionario
[INFO] 05:14:34:531 kernel_logger/(9021:9021): fors
[INFO] 05:14:34:532 kernel_logger/(9021:9021): No es null el archivo de config
[INFO] 05:14:47:428 kernel_logger/(9021:9085): escuchando a consola
[INFO] 05:14:47:428 kernel_logger/(9021:9085): paquete recibido
[INFO] 05:16:19:379 kernel_logger/(9021:9085): recibi lista de instrucciones
[INFO] 05:16:19:381 kernel_logger/(9021:9085): Se crea el proceso 9021 en NEW
[INFO] 05:16:19:381 kernel_logger/(9021:9038): ingreso proceso a listos
[INFO] 05:17:05:784 kernel_logger/(9316:9316): diccionario
[INFO] 05:17:05:786 kernel_logger/(9316:9316): fors
[INFO] 05:17:05:789 kernel_logger/(9316:9316): No es null el archivo de config
[INFO] 05:18:25:921 kernel_logger/(9737:9737): diccionario
[INFO] 05:18:25:923 kernel_logger/(9737:9737): fors
[INFO] 05:18:25:925 kernel_logger/(9737:9737): No es null el archivo de config
[INFO] 05:18:35:137 kernel_logger/(9737:9773): escuchando a consola
[INFO] 05:18:35:138 kernel_logger/(9737:9773): paquete recibido
[INFO] 05:19:43:086 kernel_logger/(9737:9773): recibi lista de instrucciones
[INFO] 05:21:34:647 kernel_logger/(9737:9773): Se crea el proceso 9737 en NEW
[INFO] 05:21:48:822 kernel_logger/(9737:9749): ingreso proceso a listos
[INFO] 05:25:06:297 kernel_logger/(10351:10351): diccionario
[INFO] 05:25:06:300 kernel_logger/(10351:10351): fors
[INFO] 05:25:06:300 kernel_logger/(10351:10351): No es null el archivo de config
[INFO] 05:25:10:074 kernel_logger/(10351:10381): escuchando a consola
[INFO] 05:25:10:075 kernel_logger/(10351:10381): paquete recibido
[INFO] 05:25:10:076 kernel_logger/(10351:10381): recibi lista de instrucciones
[INFO] 05:25:23:720 kernel_logger/(10351:10381): Se crea el proceso 10351 en NEW
[INFO] 05:26:09:828 kernel_logger/(10351:10368): ingreso proceso a listos
[INFO] 05:26:39:596 kernel_logger/(10351:10369): conecte con cpu
[INFO] 05:29:56:017 kernel_logger/(11011:11011): diccionario
[INFO] 05:29:56:020 kernel_logger/(11011:11011): fors
[INFO] 05:29:56:021 kernel_logger/(11011:11011): No es null el archivo de config
[INFO] 05:30:51:724 kernel_logger/(11375:11375): diccionario
[INFO] 05:30:51:726 kernel_logger/(11375:11375): fors
[INFO] 05:30:51:726 kernel_logger/(11375:11375): No es null el archivo de config
[INFO] 05:30:59:606 kernel_logger/(11375:11404): escuchando a consola
[INFO] 05:30:59:609 kernel_logger/(11375:11404): paquete recibido
[INFO] 05:30:59:610 kernel_logger/(11375:11404): recibi lista de instrucciones
[INFO] 05:30:59:611 kernel_logger/(11375:11404): Se crea el proceso 11375 en NEW
[INFO] 05:31:23:935 kernel_logger/(11375:11380): ingreso proceso a listos
[INFO] 05:31:38:373 kernel_logger/(11375:11381): conecte con cpu
[INFO] 05:33:53:716 kernel_logger/(11909:11909): diccionario
[INFO] 05:33:53:718 kernel_logger/(11909:11909): fors
[INFO] 05:33:53:719 kernel_logger/(11909:11909): No es null el archivo de config
[INFO] 05:34:34:196 kernel_logger/(12154:12154): diccionario
[INFO] 05:34:34:198 kernel_logger/(12154:12154): fors
[INFO] 05:34:34:198 kernel_logger/(12154:12154): No es null el archivo de config
[INFO] 05:34:36:631 kernel_logger/(12154:12194): escuchando a consola
[INFO] 05:34:36:633 kernel_logger/(12154:12194): paquete recibido
[INFO] 05:34:36:635 kernel_logger/(12154:12194): recibi lista de instrucciones
[INFO] 05:34:36:637 kernel_logger/(12154:12194): Se crea el proceso 12154 en NEW
[INFO] 05:34:50:344 kernel_logger/(12154:12160): ingreso proceso a listos
[INFO] 05:35:11:895 kernel_logger/(12154:12161): conecte con cpu
[INFO] 02:38:03:679 kernel_logger/(2758:2758): diccionario
[INFO] 02:38:03:683 kernel_logger/(2758:2758): fors
[INFO] 02:38:03:685 kernel_logger/(2758:2758): No es null el archivo de config
[INFO] 02:38:40:283 kernel_logger/(2758:2868): escuchando a consola
[INFO] 02:38:40:285 kernel_logger/(2758:2868): paquete recibido
[INFO] 02:38:40:287 kernel_logger/(2758:2868): recibi lista de instrucciones
[INFO] 02:38:40:291 kernel_logger/(2758:2868): Se crea el proceso 2758 en NEW
[INFO] 02:38:40:291 kernel_logger/(2758:2759): ingreso proceso a listos
[INFO] 02:38:40:291 kernel_logger/(2758:2760): conecte con cpu
[INFO] 15:57:47:129 kernel_logger/(7217:7217): diccionario
[INFO] 15:57:47:133 kernel_logger/(7217:7217): fors
[INFO] 15:57:47:134 kernel_logger/(7217:7217): No es null el archivo de config
[INFO] 15:58:07:080 kernel_logger/(7217:7321): escuchando a consola
[INFO] 15:58:07:083 kernel_logger/(7217:7321): paquete recibido
[INFO] 15:58:07:084 kernel_logger/(7217:7321): recibi lista de instrucciones
[INFO] 15:58:07:086 kernel_logger/(7217:7321): Se crea el proceso 7217 en NEW
[INFO] 15:58:07:088 kernel_logger/(7217:7218): ingreso proceso a listos
[INFO] 15:58:07:088 kernel_logger/(7217:7219): conecte con cpu
[INFO] 17:45:01:460 kernel_logger/(14268:14268): diccionario
[INFO] 17:45:01:462 kernel_logger/(14268:14268): fors
[INFO] 17:45:01:466 kernel_logger/(14268:14268): No es null el archivo de config
[INFO] 17:51:59:666 kernel_logger/(15216:15216): diccionario
[INFO] 17:51:59:678 kernel_logger/(15216:15216): fors
[INFO] 17:51:59:678 kernel_logger/(15216:15216): No es null el archivo de config
[INFO] 17:52:09:164 kernel_logger/(15216:15265): escuchando a consola
[INFO] 17:52:09:168 kernel_logger/(15216:15265): paquete recibido
[INFO] 17:52:09:170 kernel_logger/(15216:15265): recibi lista de instrucciones
[INFO] 17:52:09:170 kernel_logger/(15216:15265): Se crea el proceso 15216 en NEW
[INFO] 17:52:09:170 kernel_logger/(15216:15217): ingreso proceso a listos
[INFO] 17:52:09:170 kernel_logger/(15216:15218): conecte con cpu
[INFO] 17:52:09:171 kernel_logger/(15216:15218): pcb en ejecucion
[INFO] 17:52:09:171 kernel_logger/(15216:15218): pcb en ejecucion
[INFO] 17:59:41:785 kernel_logger/(16179:16179): diccionario
[INFO] 17:59:41:804 kernel_logger/(16179:16179): fors
[INFO] 17:59:41:805 kernel_logger/(16179:16179): No es null el archivo de config
[INFO] 17:59:52:587 kernel_logger/(16179:16238): escuchando a consola
[INFO] 17:59:52:589 kernel_logger/(16179:16238): paquete recibido
[INFO] 17:59:52:589 kernel_logger/(16179:16238): recibi lista de instrucciones
[INFO] 17:59:52:591 kernel_logger/(16179:16238): Se crea el proceso 16179 en NEW
[INFO] 17:59:52:592 kernel_logger/(16179:16181): ingreso proceso a listos
[INFO] 17:59:52:592 kernel_logger/(16179:16182): conecte con cpu
[INFO] 17:59:52:592 kernel_logger/(16179:16182): pcb en ejecucion
[INFO] 17:59:52:592 kernel_logger/(16179:16182): pcb en ejecucion
[INFO] 18:04:27:878 kernel_logger/(16807:16807): diccionario
[INFO] 18:04:27:888 kernel_logger/(16807:16807): fors
[INFO] 18:04:27:891 kernel_logger/(16807:16807): No es null el archivo de config
[INFO] 18:04:35:729 kernel_logger/(16807:16857): escuchando a consola
[INFO] 18:04:35:730 kernel_logger/(16807:16857): paquete recibido
[INFO] 18:04:35:735 kernel_logger/(16807:16857): recibi lista de instrucciones
[INFO] 18:04:35:736 kernel_logger/(16807:16857): Se crea el proceso 16807 en NEW
[INFO] 18:04:35:737 kernel_logger/(16807:16808): ingreso proceso a listos
[INFO] 18:04:35:737 kernel_logger/(16807:16809): conecte con cpu
[INFO] 18:04:35:743 kernel_logger/(16807:16809): pcb en ejecucion
[INFO] 18:04:35:743 kernel_logger/(16807:16809): pcb en ejecucion
[INFO] 18:13:15:884 kernel_logger/(17677:17677): diccionario
[INFO] 18:13:15:888 kernel_logger/(17677:17677): fors
[INFO] 18:13:15:890 kernel_logger/(17677:17677): No es null el archivo de config
[INFO] 18:13:20:856 kernel_logger/(17677:17746): escuchando a consola
[INFO] 18:13:20:858 kernel_logger/(17677:17746): paquete recibido
[INFO] 18:13:20:860 kernel_logger/(17677:17746): recibi lista de instrucciones
[INFO] 18:13:20:861 kernel_logger/(17677:17746): Se crea el proceso 17677 en NEW
[INFO] 18:13:20:862 kernel_logger/(17677:17678): ingreso proceso a listos
[INFO] 18:13:20:862 kernel_logger/(17677:17679): conecte con cpu
[INFO] 18:13:20:869 kernel_logger/(17677:17679): pcb en ejecucion
[INFO] 18:13:20:869 kernel_logger/(17677:17679): pcb en ejecucion
[INFO] 18:20:01:530 kernel_logger/(18342:18342): diccionario
[INFO] 18:20:01:536 kernel_logger/(18342:18342): fors
[INFO] 18:20:01:538 kernel_logger/(18342:18342): No es null el archivo de config
[INFO] 18:21:03:307 kernel_logger/(18721:18721): diccionario
[INFO] 18:21:03:314 kernel_logger/(18721:18721): fors
[INFO] 18:21:03:315 kernel_logger/(18721:18721): No es null el archivo de config
[INFO] 18:21:11:138 kernel_logger/(18721:18773): escuchando a consola
[INFO] 18:21:11:138 kernel_logger/(18721:18773): paquete recibido
[INFO] 18:21:11:139 kernel_logger/(18721:18773): recibi lista de instrucciones
[INFO] 18:21:11:139 kernel_logger/(18721:18773): Se crea el proceso 18721 en NEW
[INFO] 18:21:11:139 kernel_logger/(18721:18722): ingreso proceso a listos
[INFO] 18:21:11:139 kernel_logger/(18721:18723): conecte con cpu
[INFO] 18:21:11:142 kernel_logger/(18721:18723): pcb en ejecucion
[INFO] 18:21:11:142 kernel_logger/(18721:18723): pcb en ejecucion
[INFO] 02:50:22:533 kernel_logger/(3307:3307): diccionario
[INFO] 02:50:22:539 kernel_logger/(3307:3307): fors
[INFO] 02:50:22:541 kernel_logger/(3307:3307): No es null el archivo de config
[INFO] 02:51:04:504 kernel_logger/(3307:3455): escuchando a consola
[INFO] 02:51:04:506 kernel_logger/(3307:3455): paquete recibido
[INFO] 02:51:04:508 kernel_logger/(3307:3455): recibi lista de instrucciones
[INFO] 02:51:04:510 kernel_logger/(3307:3455): Se crea el proceso 3307 en NEW
[INFO] 02:51:04:512 kernel_logger/(3307:3308): ingreso proceso a listos
[INFO] 02:51:04:512 kernel_logger/(3307:3309): conecte con cpu
[INFO] 02:51:04:512 kernel_logger/(3307:3309): pcb en ejecucion
[INFO] 02:51:04:512 kernel_logger/(3307:3309): pcb en ejecucion
[INFO] 02:52:18:297 kernel_logger/(3752:3752): diccionario
[INFO] 02:52:18:304 kernel_logger/(3752:3752): fors
[INFO] 02:52:18:305 kernel_logger/(3752:3752): No es null el archivo de config
[INFO] 02:52:23:465 kernel_logger/(3752:3777): escuchando a consola
[INFO] 02:52:23:470 kernel_logger/(3752:3777): paquete recibido
[INFO] 02:52:23:473 kernel_logger/(3752:3777): recibi lista de instrucciones
[INFO] 02:52:23:475 kernel_logger/(3752:3777): Se crea el proceso 3752 en NEW
[INFO] 02:52:23:475 kernel_logger/(3752:3753): ingreso proceso a listos
[INFO] 02:52:23:475 kernel_logger/(3752:3754): conecte con cpu
[INFO] 02:52:23:478 kernel_logger/(3752:3754): pcb en ejecucion
[INFO] 02:52:23:478 kernel_logger/(3752:3754): pcb en ejecucion
[INFO] 03:10:26:423 kernel_logger/(4971:4971): diccionario
[INFO] 03:10:26:431 kernel_logger/(4971:4971): fors
[INFO] 03:10:26:431 kernel_logger/(4971:4971): No es null el archivo de config
[INFO] 03:10:30:871 kernel_logger/(4971:4999): escuchando a consola
[INFO] 03:10:30:872 kernel_logger/(4971:4999): paquete recibido
[INFO] 03:10:30:874 kernel_logger/(4971:4999): recibi lista de instrucciones
[INFO] 03:10:30:875 kernel_logger/(4971:4999): Se crea el proceso 4971 en NEW
[INFO] 03:10:30:877 kernel_logger/(4971:4972): ingreso proceso a listos
[INFO] 03:10:30:877 kernel_logger/(4971:4973): conecte con cpu
[INFO] 03:10:30:879 kernel_logger/(4971:4973): pcb en ejecucion
[INFO] 03:10:30:879 kernel_logger/(4971:4973): pcb en ejecucion
[INFO] 03:25:35:755 kernel_logger/(5530:5530): diccionario
[INFO] 03:25:35:760 kernel_logger/(5530:5530): fors
[INFO] 03:25:35:761 kernel_logger/(5530:5530): No es null el archivo de config
[INFO] 03:25:39:451 kernel_logger/(5530:5570): escuchando a consola
[INFO] 03:25:39:453 kernel_logger/(5530:5570): paquete recibido
[INFO] 03:25:39:455 kernel_logger/(5530:5570): recibi lista de instrucciones
[INFO] 03:25:39:457 kernel_logger/(5530:5570): Se crea el proceso 5530 en NEW
[INFO] 03:25:39:458 kernel_logger/(5530:5531): ingreso proceso a listos
[INFO] 03:25:39:458 kernel_logger/(5530:5532): conecte con cpu
[INFO] 03:25:39:460 kernel_logger/(5530:5532): pcb en ejecucion
[INFO] 03:25:39:460 kernel_logger/(5530:5532): pcb en ejecucion
[INFO] 04:01:17:328 kernel_logger/(6837:6837): diccionario
[INFO] 04:01:17:338 kernel_logger/(6837:6837): fors
[INFO] 04:01:17:338 kernel_logger/(6837:6837): No es null el archivo de config
[INFO] 04:02:21:754 kernel_logger/(7108:7108): diccionario
[INFO] 04:02:21:762 kernel_logger/(7108:7108): fors
[INFO] 04:02:21:764 kernel_logger/(7108:7108): No es null el archivo de config
[INFO] 04:02:26:121 kernel_logger/(7108:7146): escuchando a consola
[INFO] 04:02:26:124 kernel_logger/(7108:7146): paquete recibido
[INFO] 04:02:26:126 kernel_logger/(7108:7146): recibi lista de instrucciones
[INFO] 04:02:26:126 kernel_logger/(7108:7146): Se crea el proceso 7108 en NEW
[INFO] 04:02:26:126 kernel_logger/(7108:7109): ingreso proceso a listos
[INFO] 04:02:26:127 kernel_logger/(7108:7110): conecte con cpu
[INFO] 04:02:26:134 kernel_logger/(7108:7110): pcb en ejecucion
[INFO] 04:02:26:134 kernel_logger/(7108:7110): pcb en ejecucion
[INFO] 04:21:16:956 kernel_logger/(7933:7933): diccionario
[INFO] 04:21:16:966 kernel_logger/(7933:7933): fors
[INFO] 04:21:16:968 kernel_logger/(7933:7933): No es null el archivo de config
[INFO] 04:21:21:525 kernel_logger/(7933:7979): escuchando a consola
[INFO] 04:21:21:527 kernel_logger/(7933:7979): paquete recibido
[INFO] 04:21:21:530 kernel_logger/(7933:7979): recibi lista de instrucciones
[INFO] 04:21:21:533 kernel_logger/(7933:7979): Se crea el proceso 7933 en NEW
[INFO] 04:21:21:533 kernel_logger/(7933:7934): ingreso proceso a listos
[INFO] 04:21:21:533 kernel_logger/(7933:7935): conecte con cpu
[INFO] 04:21:21:539 kernel_logger/(7933:7935): pcb en ejecucion
[INFO] 04:21:21:539 kernel_logger/(7933:7935): pcb en ejecucion
[INFO] 04:26:05:256 kernel_logger/(8556:8556): diccionario
[INFO] 04:26:05:263 kernel_logger/(8556:8556): fors
[INFO] 04:26:05:265 kernel_logger/(8556:8556): No es null el archivo de config
[INFO] 04:26:12:741 kernel_logger/(8556:8596): escuchando a consola
[INFO] 04:26:12:744 kernel_logger/(8556:8596): paquete recibido
[INFO] 04:26:12:747 kernel_logger/(8556:8596): recibi lista de instrucciones
[INFO] 04:26:12:755 kernel_logger/(8556:8596): Se crea el proceso 8556 en NEW
[INFO] 04:26:12:756 kernel_logger/(8556:8557): ingreso proceso a listos
[INFO] 04:26:12:756 kernel_logger/(8556:8558): conecte con cpu
[INFO] 04:26:12:757 kernel_logger/(8556:8558): pcb en ejecucion
[INFO] 04:26:12:757 kernel_logger/(8556:8558): pcb en ejecucion
[INFO] 05:05:37:260 kernel_logger/(9383:9383): diccionario
[INFO] 05:05:37:261 kernel_logger/(9383:9383): fors
[INFO] 05:05:37:262 kernel_logger/(9383:9383): No es null el archivo de config
[INFO] 05:05:42:469 kernel_logger/(9383:9447): escuchando a consola
[INFO] 05:05:42:471 kernel_logger/(9383:9447): paquete recibido
[INFO] 05:05:42:473 kernel_logger/(9383:9447): recibi lista de instrucciones
[INFO] 05:05:42:473 kernel_logger/(9383:9447): Se crea el proceso 9383 en NEW
[INFO] 05:05:42:474 kernel_logger/(9383:9384): ingreso proceso a listos
[INFO] 05:05:42:474 kernel_logger/(9383:9385): conecte con cpu
[INFO] 05:05:42:479 kernel_logger/(9383:9385): pcb en ejecucion
[INFO] 05:05:42:479 kernel_logger/(9383:9385): pcb en ejecucion
[INFO] 05:13:46:400 kernel_logger/(10950:10950): diccionario
[INFO] 05:13:46:412 kernel_logger/(10950:10950): fors
[INFO] 05:13:46:412 kernel_logger/(10950:10950): No es null el archivo de config
[INFO] 05:14:02:680 kernel_logger/(10950:11047): escuchando a consola
[INFO] 05:14:02:682 kernel_logger/(10950:11047): paquete recibido
[INFO] 05:14:02:684 kernel_logger/(10950:11047): recibi lista de instrucciones
[INFO] 05:14:02:684 kernel_logger/(10950:11047): Se crea el proceso 10950 en NEW
[INFO] 05:14:02:685 kernel_logger/(10950:10951): ingreso proceso a listos
[INFO] 05:14:02:685 kernel_logger/(10950:10952): conecte con cpu
[INFO] 05:14:02:696 kernel_logger/(10950:10952): pcb en ejecucion
[INFO] 05:14:02:696 kernel_logger/(10950:10952): pcb en ejecucion
[INFO] 05:18:58:932 kernel_logger/(12460:12460): diccionario
[INFO] 05:18:58:940 kernel_logger/(12460:12460): fors
[INFO] 05:18:58:942 kernel_logger/(12460:12460): No es null el archivo de config
[INFO] 05:20:09:203 kernel_logger/(12970:12970): diccionario
[INFO] 05:20:09:205 kernel_logger/(12970:12970): fors
[INFO] 05:20:09:205 kernel_logger/(12970:12970): No es null el archivo de config
[INFO] 05:20:16:265 kernel_logger/(12970:13039): escuchando a consola
[INFO] 05:20:16:265 kernel_logger/(12970:13039): paquete recibido
[INFO] 05:20:16:265 kernel_logger/(12970:13039): recibi lista de instrucciones
[INFO] 05:20:16:265 kernel_logger/(12970:13039): Se crea el proceso 12970 en NEW
[INFO] 05:20:16:265 kernel_logger/(12970:12971): ingreso proceso a listos
[INFO] 05:20:16:265 kernel_logger/(12970:12972): conecte con cpu
[INFO] 05:20:16:265 kernel_logger/(12970:12972): pcb en ejecucion
[INFO] 05:20:16:265 kernel_logger/(12970:12972): pcb en ejecucion
[INFO] 05:47:10:613 kernel_logger/(21011:21011): diccionario
[INFO] 05:47:10:619 kernel_logger/(21011:21011): fors
[INFO] 05:47:10:622 kernel_logger/(21011:21011): No es null el archivo de config
[INFO] 05:47:15:763 kernel_logger/(21011:21061): escuchando a consola
[INFO] 05:47:15:767 kernel_logger/(21011:21061): paquete recibido
[INFO] 05:47:15:769 kernel_logger/(21011:21061): recibi lista de instrucciones
[INFO] 05:47:15:769 kernel_logger/(21011:21061): Se crea el proceso 21011 en NEW
[INFO] 05:47:15:769 kernel_logger/(21011:21012): PID: 21011 - Estado anterior: NUEVO - Estado actual: LISTO
[INFO] 05:47:15:769 kernel_logger/(21011:21012): ingreso proceso a listos
[INFO] 05:47:15:770 kernel_logger/(21011:21013): conecte con cpu
[INFO] 05:47:15:770 kernel_logger/(21011:21013): pcb en ejecucion
[INFO] 05:52:25:629 kernel_logger/(22479:22479): diccionario
[INFO] 05:52:25:636 kernel_logger/(22479:22479): fors
[INFO] 05:52:25:638 kernel_logger/(22479:22479): No es null el archivo de config
[INFO] 05:52:37:951 kernel_logger/(22479:22554): escuchando a consola
[INFO] 05:52:37:952 kernel_logger/(22479:22554): paquete recibido
[INFO] 05:52:37:952 kernel_logger/(22479:22554): recibi lista de instrucciones
[INFO] 05:52:37:953 kernel_logger/(22479:22554): Se crea el proceso 22479 en NEW
[INFO] 05:52:37:954 kernel_logger/(22479:22480): PID: 22479 - Estado anterior: NUEVO - Estado actual: LISTO
[INFO] 05:52:37:954 kernel_logger/(22479:22480): ingreso proceso a listos
[INFO] 05:52:37:954 kernel_logger/(22479:22481): conecte con cpu
[INFO] 05:52:37:954 kernel_logger/(22479:22481): PID: 22479 - Estado anterior: LISTO - Estado actual: EJECUTANDO
[INFO] 05:52:37:954 kernel_logger/(22479:22481): pcb en ejecucion
[INFO] 06:03:16:413 kernel_logger/(24424:24424): No es null el archivo de config
[INFO] 06:03:24:634 kernel_logger/(24424:24491): escuchando a consola
[INFO] 06:03:24:636 kernel_logger/(24424:24491): paquete recibido
[INFO] 06:03:24:637 kernel_logger/(24424:24491): recibi lista de instrucciones
[INFO] 06:03:24:637 kernel_logger/(24424:24491): Se crea el proceso 24424 en NEW
[INFO] 06:03:24:638 kernel_logger/(24424:24425): PID: 24424 - Estado anterior: NUEVO - Estado actual: LISTO
[INFO] 06:03:24:643 kernel_logger/(24424:24426): conecte con cpu
[INFO] 06:03:24:644 kernel_logger/(24424:24425): ingreso proceso a listos
[INFO] 06:03:24:644 kernel_logger/(24424:24426): PID: 24424 - Estado anterior: LISTO - Estado actual: EJECUTANDO
[INFO] 06:03:25:652 kernel_logger/(24424:24426): llegue 1!! ayuda :0
[INFO] 06:06:50:315 kernel_logger/(25687:25687): No es null el archivo de config
[INFO] 06:07:05:169 kernel_logger/(25687:25781): escuchando a consola
[INFO] 06:07:05:173 kernel_logger/(25687:25781): paquete recibido
[INFO] 06:07:05:174 kernel_logger/(25687:25781): recibi lista de instrucciones
[INFO] 06:07:05:175 kernel_logger/(25687:25781): Se crea el proceso 25687 en NEW
[INFO] 06:07:05:175 kernel_logger/(25687:25688): PID: 25687 - Estado anterior: NUEVO - Estado actual: LISTO
[INFO] 06:07:05:175 kernel_logger/(25687:25688): ingreso proceso a listos
[INFO] 06:07:05:175 kernel_logger/(25687:25689): conecte con cpu
[INFO] 06:07:05:175 kernel_logger/(25687:25689): PID: 25687 - Estado anterior: LISTO - Estado actual: EJECUTANDO
[INFO] 06:07:06:195 kernel_logger/(25687:25689): llegue 1!! ayuda :0
[INFO] 06:07:06:195 kernel_logger/(25687:25689): ...llegue?????
[INFO] 06:15:36:957 kernel_logger/(27971:27971): No es null el archivo de config
[INFO] 06:16:34:888 kernel_logger/(28535:28535): No es null el archivo de config
[INFO] 06:16:41:331 kernel_logger/(28535:28593): escuchando a consola
[INFO] 06:16:41:334 kernel_logger/(28535:28593): paquete recibido
[INFO] 06:16:41:337 kernel_logger/(28535:28593): recibi lista de instrucciones
[INFO] 06:16:41:337 kernel_logger/(28535:28593): Se crea el proceso 28535 en NEW
[INFO] 06:16:41:340 kernel_logger/(28535:28536): PID: 28535 - Estado anterior: NUEVO - Estado actual: LISTO
[INFO] 06:16:41:341 kernel_logger/(28535:28536): ingreso proceso a listos
[INFO] 06:16:41:341 kernel_logger/(28535:28537): conecte con cpu
[INFO] 06:16:41:341 kernel_logger/(28535:28537): PID: 28535 - Estado anterior: LISTO - Estado actual: EJECUTANDO
[INFO] 06:16:42:352 kernel_logger/(28535:28537): llegue 1!! ayuda :0
[INFO] 06:16:42:352 kernel_logger/(28535:28537): ...llegue?????
[INFO] 06:19:26:227 kernel_logger/(29584:29584): No es null el archivo de config
[INFO] 06:21:32:723 kernel_logger/(30219:30219): No es null el archivo de config
[INFO] 06:22:13:862 kernel_logger/(30219:30363): escuchando a consola
[INFO] 06:22:13:863 kernel_logger/(30219:30363): paquete recibido
[INFO] 06:22:13:863 kernel_logger/(30219:30363): recibi lista de instrucciones
[INFO] 06:22:13:864 kernel_logger/(30219:30363): Se crea el proceso 30219 en NEW
[INFO] 06:22:13:864 kernel_logger/(30219:30220): PID: 30219 - Estado anterior: NUEVO - Estado actual: LISTO
[INFO] 06:22:13:864 kernel_logger/(30219:30220): ingreso proceso a listos
[INFO] 06:22:13:864 kernel_logger/(30219:30221): conecte con cpu
[INFO] 06:22:13:864 kernel_logger/(30219:30221): PID: 30219 - Estado anterior: LISTO - Estado actual: EJECUTANDO
[INFO] 06:22:14:874 kernel_logger/(30219:30221): llegue 1!! ayuda :0
[INFO] 06:22:14:874 kernel_logger/(30219:30221): ...llegue?????
[INFO] 06:24:09:414 kernel_logger/(30790:30790): No es null el archivo de config
[INFO] 06:25:26:269 kernel_logger/(31093:31093): No es null el archivo de config
[INFO] 06:25:42:924 kernel_logger/(31093:31148): escuchando a consola
[INFO] 06:25:42:926 kernel_logger/(31093:31148): paquete recibido
[INFO] 06:25:42:927 kernel_logger/(31093:31148): recibi lista de instrucciones
[INFO] 06:25:42:928 kernel_logger/(31093:31148): Se crea el proceso 31093 en NEW
[INFO] 06:25:42:929 kernel_logger/(31093:31094): PID: 31093 - Estado anterior: NUEVO - Estado actual: LISTO
[INFO] 06:25:42:929 kernel_logger/(31093:31094): ingreso proceso a listos
[INFO] 06:25:42:929 kernel_logger/(31093:31095): conecte con cpu
[INFO] 06:25:42:929 kernel_logger/(31093:31095): PID: 31093 - Estado anterior: LISTO - Estado actual: EJECUTANDO
[INFO] 06:25:43:950 kernel_logger/(31093:31095): llegue 1!! ayuda :0
[INFO] 06:25:43:950 kernel_logger/(31093:31095): ...llegue?????
[INFO] 06:29:16:717 kernel_logger/(31600:31600): No es null el archivo de config
[INFO] 06:29:21:635 kernel_logger/(31600:31649): escuchando a consola
[INFO] 06:29:21:637 kernel_logger/(31600:31649): paquete recibido
[INFO] 06:29:21:638 kernel_logger/(31600:31649): recibi lista de instrucciones
[INFO] 06:29:21:639 kernel_logger/(31600:31649): Se crea el proceso 31600 en NEW
[INFO] 06:29:21:640 kernel_logger/(31600:31601): PID: 31600 - Estado anterior: NUEVO - Estado actual: LISTO
[INFO] 06:29:21:640 kernel_logger/(31600:31601): ingreso proceso a listos
[INFO] 06:29:21:640 kernel_logger/(31600:31602): conecte con cpu
[INFO] 06:29:21:641 kernel_logger/(31600:31602): PID: 31600 - Estado anterior: LISTO - Estado actual: EJECUTANDO
[INFO] 06:29:22:654 kernel_logger/(31600:31602): llegue 1!! ayuda :0
[INFO] 06:29:22:654 kernel_logger/(31600:31602): ...llegue?????
[INFO] 06:33:28:956 kernel_logger/(32185:32185): No es null el archivo de config
[INFO] 06:34:15:753 kernel_logger/(32468:32468): No es null el archivo de config
[INFO] 06:34:21:309 kernel_logger/(32468:32516): escuchando a consola
[INFO] 06:34:21:311 kernel_logger/(32468:32516): paquete recibido
[INFO] 06:34:21:313 kernel_logger/(32468:32516): recibi lista de instrucciones
[INFO] 06:34:21:318 kernel_logger/(32468:32516): Se crea el proceso 32468 en NEW
[INFO] 06:34:21:319 kernel_logger/(32468:32469): PID: 32468 - Estado anterior: NUEVO - Estado actual: LISTO
[INFO] 06:34:21:319 kernel_logger/(32468:32469): ingreso proceso a listos
[INFO] 06:34:21:319 kernel_logger/(32468:32470): conecte con cpu
[INFO] 06:34:21:319 kernel_logger/(32468:32470): PID: 32468 - Estado anterior: LISTO - Estado actual: EJECUTANDO
[INFO] 06:34:22:341 kernel_logger/(32468:32470): llegue 1!! ayuda :0
[INFO] 06:34:22:341 kernel_logger/(32468:32470): ...llegue?????
[INFO] 06:34:22:341 kernel_logger/(32468:32470): xfis llega
[INFO] 06:41:46:753 kernel_logger/(33193:33193): No es null el archivo de config
[INFO] 06:42:39:581 kernel_logger/(33489:33489): No es null el archivo de config
[INFO] 06:42:55:133 kernel_logger/(33489:33534): escuchando a consola
[INFO] 06:42:55:136 kernel_logger/(33489:33534): paquete recibido
[INFO] 06:42:55:136 kernel_logger/(33489:33534): recibi lista de instrucciones
[INFO] 06:42:55:136 kernel_logger/(33489:33534): Se crea el proceso 33489 en NEW
[INFO] 06:42:55:137 kernel_logger/(33489:33490): PID: 33489 - Estado anterior: NUEVO - Estado actual: LISTO
[INFO] 06:42:55:137 kernel_logger/(33489:33490): ingreso proceso a listos
[INFO] 06:42:55:137 kernel_logger/(33489:33491): conecte con cpu
[INFO] 06:42:55:138 kernel_logger/(33489:33491): PID: 33489 - Estado anterior: LISTO - Estado actual: EJECUTANDO
[INFO] 06:42:56:158 kernel_logger/(33489:33491): llegue 1!! ayuda :0
[INFO] 06:42:56:160 kernel_logger/(33489:33491): ...llegue?????
[INFO] 06:42:56:160 kernel_logger/(33489:33491): xfis llega
[INFO] 06:44:57:347 kernel_logger/(33915:33915): No es null el archivo de config
[INFO] 06:46:02:229 kernel_logger/(34257:34257): No es null el archivo de config
[INFO] 06:46:07:110 kernel_logger/(34257:34295): escuchando a consola
[INFO] 06:46:07:111 kernel_logger/(34257:34295): paquete recibido
[INFO] 06:46:07:117 kernel_logger/(34257:34295): recibi lista de instrucciones
[INFO] 06:46:07:122 kernel_logger/(34257:34295): Se crea el proceso 34257 en NEW
[INFO] 06:46:07:122 kernel_logger/(34257:34258): PID: 34257 - Estado anterior: NUEVO - Estado actual: LISTO
[INFO] 06:46:07:122 kernel_logger/(34257:34258): ingreso proceso a listos
[INFO] 06:46:07:122 kernel_logger/(34257:34259): conecte con cpu
[INFO] 06:46:07:122 kernel_logger/(34257:34259): PID: 34257 - Estado anterior: LISTO - Estado actual: EJECUTANDO
[INFO] 06:46:08:140 kernel_logger/(34257:34259): llegue 1!! ayuda :0
[INFO] 06:46:08:140 kernel_logger/(34257:34259): ...llegue?????
[INFO] 06:46:08:140 kernel_logger/(34257:34259): xfis llega
[INFO] 07:11:36:040 kernel_logger/(4135:4135): No es null el archivo de config
[INFO] 07:12:18:812 kernel_logger/(4306:4306): No es null el archivo de config
[INFO] 07:12:25:149 kernel_logger/(4306:4362): escuchando a consola
[INFO] 07:12:25:151 kernel_logger/(4306:4362): Se crea el proceso 4306 en NEW
[INFO] 07:12:25:152 kernel_logger/(4306:4329): PID: 4306 - Estado anterior: NUEVO - Estado actual: LISTO
[INFO] 07:12:25:153 kernel_logger/(4306:4329): ingreso proceso a listos
[INFO] 07:12:25:153 kernel_logger/(4306:4330): conecte con cpu
[INFO] 07:12:25:153 kernel_logger/(4306:4330): PID: 4306 - Estado anterior: LISTO - Estado actual: EJECUTANDO
[INFO] 07:12:26:167 kernel_logger/(4306:4330): llegue 1!! ayuda :0
[INFO] 07:17:19:354 kernel_logger/(4831:4831): No es null el archivo de config
[INFO] 07:17:39:798 kernel_logger/(4831:4884): escuchando a consola
[INFO] 07:17:39:800 kernel_logger/(4831:4884): Se crea el proceso 4831 en NEW
[INFO] 07:17:39:802 kernel_logger/(4831:4837): PID: 4831 - Estado anterior: NUEVO - Estado actual: LISTO
[INFO] 07:17:39:802 kernel_logger/(4831:4837): ingreso proceso a listos
[INFO] 07:17:39:802 kernel_logger/(4831:4838): conecte con cpu
[INFO] 07:17:39:802 kernel_logger/(4831:4838): PID: 4831 - Estado anterior: LISTO - Estado actual: EJECUTANDO
[INFO] 07:18:52:571 kernel_logger/(5087:5087): No es null el archivo de config
[INFO] 07:19:35:453 kernel_logger/(5403:5403): No es null el archivo de config
[INFO] 07:20:10:575 kernel_logger/(5562:5562): No es null el archivo de config
[INFO] 07:20:14:072 kernel_logger/(5562:5591): escuchando a consola
[INFO] 07:20:14:075 kernel_logger/(5562:5591): Se crea el proceso 5562 en NEW
[INFO] 07:20:14:076 kernel_logger/(5562:5567): PID: 5562 - Estado anterior: NUEVO - Estado actual: LISTO
[INFO] 07:20:14:076 kernel_logger/(5562:5567): ingreso proceso a listos
[INFO] 07:20:14:076 kernel_logger/(5562:5568): conecte con cpu
[INFO] 07:20:14:076 kernel_logger/(5562:5568): PID: 5562 - Estado anterior: LISTO - Estado actual: EJECUTANDO
[INFO] 07:21:03:317 kernel_logger/(5886:5886): No es null el archivo de config
[INFO] 07:21:53:078 kernel_logger/(6187:6187): No es null el archivo de config
[INFO] 07:21:58:646 kernel_logger/(6187:6223): escuchando a consola
[INFO] 07:21:58:649 kernel_logger/(6187:6223): Se crea el proceso 6187 en NEW
[INFO] 07:21:58:654 kernel_logger/(6187:6199): PID: 6187 - Estado anterior: NUEVO - Estado actual: LISTO
[INFO] 07:21:58:654 kernel_logger/(6187:6199): ingreso proceso a listos
[INFO] 07:21:58:654 kernel_logger/(6187:6200): conecte con cpu
[INFO] 07:21:58:654 kernel_logger/(6187:6200): PID: 6187 - Estado anterior: LISTO - Estado actual: EJECUTANDO
[INFO] 07:23:23:788 kernel_logger/(6644:6644): No es null el archivo de config
[INFO] 07:23:29:412 kernel_logger/(6644:6673): escuchando a consola
[INFO] 07:23:29:414 kernel_logger/(6644:6673): Se crea el proceso 6644 en NEW
[INFO] 07:23:29:415 kernel_logger/(6644:6649): PID: 6644 - Estado anterior: NUEVO - Estado actual: LISTO
[INFO] 07:23:29:416 kernel_logger/(6644:6649): ingreso proceso a listos
[INFO] 07:23:29:416 kernel_logger/(6644:6650): conecte con cpu
[INFO] 07:23:29:416 kernel_logger/(6644:6650): PID: 6644 - Estado anterior: LISTO - Estado actual: EJECUTANDO
[INFO] 07:24:06:702 kernel_logger/(6936:6936): No es null el archivo de config
[INFO] 07:24:11:150 kernel_logger/(6936:6984): escuchando a consola
[INFO] 07:24:11:152 kernel_logger/(6936:6984): Se crea el proceso 6936 en NEW
[INFO] 07:24:11:153 kernel_logger/(6936:6960): PID: 6936 - Estado anterior: NUEVO - Estado actual: LISTO
[INFO] 07:24:11:153 kernel_logger/(6936:6960): ingreso proceso a listos
[INFO] 07:24:11:153 kernel_logger/(6936:6961): conecte con cpu
[INFO] 07:24:11:153 kernel_logger/(6936:6961): PID: 6936 - Estado anterior: LISTO - Estado actual: EJECUTANDO
[INFO] 07:24:45:889 kernel_logger/(7227:7227): No es null el archivo de config
[INFO] 07:24:50:181 kernel_logger/(7227:7263): escuchando a consola
[INFO] 07:24:50:183 kernel_logger/(7227:7263): Se crea el proceso 7227 en NEW
[INFO] 07:24:50:183 kernel_logger/(7227:7239): PID: 7227 - Estado anterior: NUEVO - Estado actual: LISTO
[INFO] 07:24:50:183 kernel_logger/(7227:7239): ingreso proceso a listos
[INFO] 07:24:50:183 kernel_logger/(7227:7240): conecte con cpu
[INFO] 07:24:50:183 kernel_logger/(7227:7240): PID: 7227 - Estado anterior: LISTO - Estado actual: EJECUTANDO
[INFO] 07:25:15:547 kernel_logger/(7227:7240): sockorro
[INFO] 07:25:19:789 kernel_logger/(7227:7240): bucando diccionario
[INFO] 07:25:29:186 kernel_logger/(7227:7240): diccionario encontrado
[INFO] 07:25:44:490 kernel_logger/(7227:7240): PID: 7227 - WAIT: DISCO - Instancias: 1431697791
[INFO] 07:26:12:052 kernel_logger/(7227:7240): conecte con cpu
[INFO] 07:26:12:071 kernel_logger/(7227:7240): PID: -335538016 - Bloqueado por: PID: %d - Bloqueado por: %s
[INFO] 19:42:17:470 kernel_logger/(3275:3275): No es null el archivo de config
[INFO] 19:43:34:563 kernel_logger/(3275:3408): escuchando a consola
[INFO] 19:43:34:570 kernel_logger/(3275:3408): Se crea el proceso 3275 en NEW
[INFO] 19:43:34:575 kernel_logger/(3275:3306): PID: 3275 - Estado anterior: NUEVO - Estado actual: LISTO
[INFO] 19:43:34:575 kernel_logger/(3275:3306): ingreso proceso a listos
[INFO] 19:43:34:575 kernel_logger/(3275:3307): conecte con cpu
[INFO] 19:43:34:576 kernel_logger/(3275:3307): PID: 3275 - Estado anterior: LISTO - Estado actual: EJECUTANDO
[INFO] 19:43:35:589 kernel_logger/(3275:3307): sockorro
[INFO] 19:43:35:589 kernel_logger/(3275:3307): bucando diccionario
[INFO] 19:43:35:589 kernel_logger/(3275:3307): diccionario encontrado
[INFO] 19:43:35:589 kernel_logger/(3275:3307): PID: 3275 - WAIT: DISCO - Instancias: 1431697791
[INFO] 19:43:35:589 kernel_logger/(3275:3307): conecte con cpu
[INFO] 19:43:35:592 kernel_logger/(3275:3307): PID: -335538016 - Bloqueado por: PID: %d - Bloqueado por: %s
[INFO] 19:50:25:162 kernel_logger/(3991:3991): No es null el archivo de config
[INFO] 19:51:30:276 kernel_logger/(3991:4075): escuchando a consola
[INFO] 19:51:30:280 kernel_logger/(3991:4075): Se crea el proceso 3991 en NEW
[INFO] 19:51:30:280 kernel_logger/(3991:4067): PID: 3991 - Estado anterior: NUEVO - Estado actual: LISTO
[INFO] 19:51:30:280 kernel_logger/(3991:4067): ingreso proceso a listos
[INFO] 19:51:30:280 kernel_logger/(3991:4068): conecte con cpu
[INFO] 19:51:30:281 kernel_logger/(3991:4068): PID: 3991 - Estado anterior: LISTO - Estado actual: EJECUTANDO
[INFO] 19:52:24:549 kernel_logger/(3991:4068): PID: 3991 - WAIT: DISCO - Instancias: 0
[INFO] 20:18:37:408 kernel_logger/(4770:4770): No es null el archivo de config
[INFO] 20:19:00:389 kernel_logger/(4770:4845): escuchando a consola
[INFO] 20:19:00:391 kernel_logger/(4770:4845): Se crea el proceso 4770 en NEW
[INFO] 20:19:00:392 kernel_logger/(4770:4788): PID: 4770 - Estado anterior: NUEVO - Estado actual: LISTO
[INFO] 20:19:00:392 kernel_logger/(4770:4788): ingreso proceso a listos
[INFO] 20:19:00:392 kernel_logger/(4770:4789): conecte con cpu
[INFO] 20:19:00:393 kernel_logger/(4770:4789): PID: 4770 - Estado anterior: LISTO - Estado actual: EJECUTANDO
[INFO] 20:20:02:165 kernel_logger/(4770:4789): PID: 4770 - WAIT: DISCO - Instancias: 0
[INFO] 20:20:28:318 kernel_logger/(4770:4789): PID: 4770 - Bloqueado por: DISCO
[INFO] 20:23:49:379 kernel_logger/(5401:5401): No es null el archivo de config
[INFO] 20:24:22:871 kernel_logger/(5401:5457): escuchando a consola
[INFO] 20:24:22:878 kernel_logger/(5401:5457): Se crea el proceso 5401 en NEW
[INFO] 20:24:22:879 kernel_logger/(5401:5406): PID: 5401 - Estado anterior: NUEVO - Estado actual: LISTO
[INFO] 20:24:22:879 kernel_logger/(5401:5406): ingreso proceso a listos
[INFO] 20:24:22:880 kernel_logger/(5401:5407): conecte con cpu
[INFO] 20:24:22:883 kernel_logger/(5401:5407): PID: 5401 - Estado anterior: LISTO - Estado actual: EJECUTANDO
[INFO] 20:24:44:625 kernel_logger/(5401:5407): PID: 5401 - WAIT: DISCO - Instancias: 0
[INFO] 20:24:51:807 kernel_logger/(5401:5407): PID: 5401 - Bloqueado por: DISCO
[INFO] 20:24:53:990 kernel_logger/(5401:5407): PID: 5401 - Estado anterior: EJECUTANDO - Estado actual: BLOQUEADO
[INFO] 20:36:14:587 kernel_logger/(6059:6059): No es null el archivo de config
[INFO] 20:37:01:810 kernel_logger/(6059:6291): escuchando a consola
[INFO] 20:37:01:815 kernel_logger/(6059:6291): Se crea el proceso 6059 en NEW
[INFO] 20:37:01:815 kernel_logger/(6059:6060): PID: 6059 - Estado anterior: NUEVO - Estado actual: LISTO
[INFO] 20:37:01:815 kernel_logger/(6059:6060): ingreso proceso a listos
[INFO] 20:37:01:815 kernel_logger/(6059:6061): conecte con cpu
[INFO] 20:37:01:816 kernel_logger/(6059:6061): PID: 6059 - Estado anterior: LISTO - Estado actual: EJECUTANDO
[INFO] 20:37:02:877 kernel_logger/(6059:6318): escuchando a consola
[INFO] 20:37:02:877 kernel_logger/(6059:6318): Se crea el proceso 6059 en NEW
[INFO] 20:37:13:850 kernel_logger/(6059:6061): PID: 6059 - Estado anterior: EJECUTANDO - Estado actual: LISTO
[INFO] 20:41:37:170 kernel_logger/(6929:6929): No es null el archivo de config
[INFO] 20:41:48:065 kernel_logger/(6929:6984): escuchando a consola
[INFO] 20:41:48:070 kernel_logger/(6929:6984): Se crea el proceso 6929 en NEW
[INFO] 20:41:48:071 kernel_logger/(6929:6930): PID: 6929 - Estado anterior: NUEVO - Estado actual: LISTO
[INFO] 20:41:48:072 kernel_logger/(6929:6930): ingreso proceso a listos
[INFO] 20:41:48:073 kernel_logger/(6929:6931): conecte con cpu
[INFO] 20:41:48:073 kernel_logger/(6929:6931): PID: 6929 - Estado anterior: LISTO - Estado actual: EJECUTANDO
[INFO] 20:41:49:221 kernel_logger/(6929:7008): escuchando a consola
[INFO] 20:41:49:231 kernel_logger/(6929:7008): Se crea el proceso 6929 en NEW
[INFO] 20:42:00:115 kernel_logger/(6929:6931): PID: 6929 - Estado anterior: EJECUTANDO - Estado actual: LISTO
[INFO] 20:57:04:374 kernel_logger/(7619:7619): No es null el archivo de config
[INFO] 20:57:11:486 kernel_logger/(7619:7674): escuchando a consola
[INFO] 20:57:11:490 kernel_logger/(7619:7674): Se crea el proceso 7619 en NEW
[INFO] 20:57:11:491 kernel_logger/(7619:7620): PID: 7619 - Estado anterior: NUEVO - Estado actual: LISTO
[INFO] 20:57:11:491 kernel_logger/(7619:7620): ingreso proceso a listos
[INFO] 20:57:11:491 kernel_logger/(7619:7621): conecte con cpu
[INFO] 20:57:11:491 kernel_logger/(7619:7621): PID: 7619 - Estado anterior: LISTO - Estado actual: EJECUTANDO
[INFO] 20:57:12:472 kernel_logger/(7619:7681): escuchando a consola
[INFO] 20:57:12:473 kernel_logger/(7619:7681): Se crea el proceso 7619 en NEW
[INFO] 20:57:23:516 kernel_logger/(7619:7621): PID: 7619 - Estado anterior: EJECUTANDO - Estado actual: LISTO
[INFO] 20:59:34:943 kernel_logger/(8146:8146): No es null el archivo de config
[INFO] 20:59:40:094 kernel_logger/(8146:8202): escuchando a consola
[INFO] 20:59:40:100 kernel_logger/(8146:8202): Se crea el proceso 8146 en NEW
[INFO] 20:59:40:100 kernel_logger/(8146:8148): PID: 8146 - Estado anterior: NUEVO - Estado actual: LISTO
[INFO] 20:59:40:100 kernel_logger/(8146:8148): ingreso proceso a listos
[INFO] 20:59:40:100 kernel_logger/(8146:8149): conecte con cpu
[INFO] 20:59:40:101 kernel_logger/(8146:8149): PID: 8146 - Estado anterior: LISTO - Estado actual: EJECUTANDO
[INFO] 20:59:41:059 kernel_logger/(8146:8217): escuchando a consola
[INFO] 20:59:41:059 kernel_logger/(8146:8217): Se crea el proceso 8146 en NEW
[INFO] 20:59:52:125 kernel_logger/(8146:8149): PID: 8146 - Estado anterior: EJECUTANDO - Estado actual: LISTO
[INFO] 21:02:28:870 kernel_logger/(8662:8662): No es null el archivo de config
[INFO] 21:03:25:471 kernel_logger/(9052:9052): No es null el archivo de config
[INFO] 21:03:31:155 kernel_logger/(9052:9110): escuchando a consola
[INFO] 21:03:31:172 kernel_logger/(9052:9110): Se crea el proceso 9052 en NEW
[INFO] 21:03:31:172 kernel_logger/(9052:9053): PID: 9052 - Estado anterior: NUEVO - Estado actual: LISTO
[INFO] 21:03:31:173 kernel_logger/(9052:9053): ingreso proceso a listos
[INFO] 21:03:31:173 kernel_logger/(9052:9054): conecte con cpu
[INFO] 21:03:31:173 kernel_logger/(9052:9054): PID: 9052 - Estado anterior: LISTO - Estado actual: EJECUTANDO
[INFO] 21:03:32:326 kernel_logger/(9052:9143): escuchando a consola
[INFO] 21:03:32:327 kernel_logger/(9052:9143): Se crea el proceso 9052 en NEW
[INFO] 21:03:43:210 kernel_logger/(9052:9054): PID: 9052 - Estado anterior: EJECUTANDO - Estado actual: LISTO
[INFO] 21:07:24:616 kernel_logger/(9589:9589): No es null el archivo de config
[INFO] 21:08:00:688 kernel_logger/(9862:9862): No es null el archivo de config
[INFO] 21:08:06:493 kernel_logger/(9862:9900): escuchando a consola
[INFO] 21:08:06:495 kernel_logger/(9862:9900): Se crea el proceso 9862 en NEW
[INFO] 21:08:06:496 kernel_logger/(9862:9863): PID: 9862 - Estado anterior: NUEVO - Estado actual: LISTO
[INFO] 21:08:06:496 kernel_logger/(9862:9863): ingreso proceso a listos
[INFO] 21:08:06:496 kernel_logger/(9862:9864): conecte con cpu
[INFO] 21:08:06:496 kernel_logger/(9862:9864): PID: 9862 - Estado anterior: LISTO - Estado actual: EJECUTANDO
[INFO] 21:08:07:704 kernel_logger/(9862:9933): escuchando a consola
[INFO] 21:08:07:704 kernel_logger/(9862:9933): Se crea el proceso 9862 en NEW
[INFO] 21:08:18:534 kernel_logger/(9862:9864): PID: 9862 - Estado anterior: EJECUTANDO - Estado actual: LISTO
[INFO] 21:09:50:363 kernel_logger/(10335:10335): No es null el archivo de config
[INFO] 21:10:17:705 kernel_logger/(10635:10635): No es null el archivo de config
[INFO] 21:10:56:440 kernel_logger/(10912:10912): No es null el archivo de config
[INFO] 21:10:59:929 kernel_logger/(10912:10931): escuchando a consola
[INFO] 21:10:59:935 kernel_logger/(10912:10931): Se crea el proceso 1 en NEW
[INFO] 21:10:59:935 kernel_logger/(10912:10913): PID: 1 - Estado anterior: NUEVO - Estado actual: LISTO
[INFO] 21:10:59:935 kernel_logger/(10912:10913): ingreso proceso a listos
[INFO] 21:10:59:935 kernel_logger/(10912:10914): conecte con cpu
[INFO] 21:10:59:936 kernel_logger/(10912:10914): PID: 1 - Estado anterior: LISTO - Estado actual: EJECUTANDO
[INFO] 21:11:01:148 kernel_logger/(10912:10956): escuchando a consola
[INFO] 21:11:01:151 kernel_logger/(10912:10956): Se crea el proceso 2 en NEW
[INFO] 21:11:11:958 kernel_logger/(10912:10914): PID: 1 - Estado anterior: EJECUTANDO - Estado actual: LISTO
[INFO] 21:15:32:495 kernel_logger/(11594:11594): No es null el archivo de config
[INFO] 21:15:35:999 kernel_logger/(11594:11613): escuchando a consola
[INFO] 21:15:36:012 kernel_logger/(11594:11613): Se crea el proceso 1 en NEW
[INFO] 21:15:36:015 kernel_logger/(11594:11595): PID: 1 - Estado anterior: NUEVO - Estado actual: LISTO
[INFO] 21:15:36:015 kernel_logger/(11594:11595): ingreso proceso a listos
[INFO] 21:15:36:015 kernel_logger/(11594:11596): conecte con cpu
[INFO] 21:15:36:015 kernel_logger/(11594:11596): PID: 1 - Estado anterior: LISTO - Estado actual: EJECUTANDO
[INFO] 21:15:37:321 kernel_logger/(11594:11646): escuchando a consola
[INFO] 21:15:37:323 kernel_logger/(11594:11646): Se crea el proceso 2 en NEW
[INFO] 21:15:37:324 kernel_logger/(11594:11595): PID: 2 - Estado anterior: NUEVO - Estado actual: LISTO
[INFO] 21:15:37:324 kernel_logger/(11594:11595): ingreso proceso a listos
[INFO] 21:15:48:039 kernel_logger/(11594:11596): PID: 1 - Estado anterior: EJECUTANDO - Estado actual: LISTO
[INFO] 21:15:48:039 kernel_logger/(11594:11596): conecte con cpu
[INFO] 21:15:48:039 kernel_logger/(11594:11596): PID: 2 - Estado anterior: LISTO - Estado actual: EJECUTANDO
[INFO] 21:15:50:054 kernel_logger/(11594:11596): PID: 2 - Estado anterior: EJECUTANDO - Estado actual: LISTO
[INFO] 21:15:50:054 kernel_logger/(11594:11596): conecte con cpu
[INFO] 21:15:50:054 kernel_logger/(11594:11596): PID: 1 - Estado anterior: LISTO - Estado actual: EJECUTANDO
[INFO] 21:15:52:066 kernel_logger/(11594:11596): finaliza el proceso PID: 1 - motivo: SUCCESS
[INFO] 21:15:52:066 kernel_logger/(11594:11596): conecte con cpu
[INFO] 21:15:52:067 kernel_logger/(11594:11596): PID: 2 - Estado anterior: LISTO - Estado actual: EJECUTANDO
[INFO] 21:15:54:086 kernel_logger/(11594:11596): PID: 2 - Estado anterior: EJECUTANDO - Estado actual: LISTO
[INFO] 21:15:54:086 kernel_logger/(11594:11596): conecte con cpu
[INFO] 21:15:54:086 kernel_logger/(11594:11596): PID: 2 - Estado anterior: LISTO - Estado actual: EJECUTANDO
[INFO] 21:15:56:102 kernel_logger/(11594:11596): PID: 2 - Estado anterior: EJECUTANDO - Estado actual: LISTO
[INFO] 21:15:56:102 kernel_logger/(11594:11596): conecte con cpu
[INFO] 21:15:56:102 kernel_logger/(11594:11596): PID: 2 - Estado anterior: LISTO - Estado actual: EJECUTANDO
[INFO] 21:15:58:118 kernel_logger/(11594:11596): PID: 2 - Estado anterior: EJECUTANDO - Estado actual: LISTO
[INFO] 21:15:58:119 kernel_logger/(11594:11596): conecte con cpu
[INFO] 21:15:58:119 kernel_logger/(11594:11596): PID: 2 - Estado anterior: LISTO - Estado actual: EJECUTANDO
[INFO] 21:16:00:136 kernel_logger/(11594:11596): PID: 2 - Estado anterior: EJECUTANDO - Estado actual: LISTO
[INFO] 21:16:00:136 kernel_logger/(11594:11596): conecte con cpu
[INFO] 21:16:00:138 kernel_logger/(11594:11596): PID: 2 - Estado anterior: LISTO - Estado actual: EJECUTANDO
[INFO] 21:16:02:148 kernel_logger/(11594:11596): PID: 2 - Estado anterior: EJECUTANDO - Estado actual: LISTO
[INFO] 21:16:02:148 kernel_logger/(11594:11596): conecte con cpu
[INFO] 21:16:02:148 kernel_logger/(11594:11596): PID: 2 - Estado anterior: LISTO - Estado actual: EJECUTANDO
[INFO] 21:16:04:169 kernel_logger/(11594:11596): PID: 2 - Estado anterior: EJECUTANDO - Estado actual: LISTO
[INFO] 21:16:04:169 kernel_logger/(11594:11596): conecte con cpu
[INFO] 21:16:04:169 kernel_logger/(11594:11596): PID: 2 - Estado anterior: LISTO - Estado actual: EJECUTANDO
[INFO] 21:16:05:185 kernel_logger/(11594:11596): PID: 2 - Estado anterior: EJECUTANDO - Estado actual: LISTO
[INFO] 21:16:05:185 kernel_logger/(11594:11596): conecte con cpu
[INFO] 21:16:05:186 kernel_logger/(11594:11596): PID: 2 - Estado anterior: LISTO - Estado actual: EJECUTANDO
[INFO] 21:16:06:211 kernel_logger/(11594:11596): finaliza el proceso PID: 2 - motivo: SUCCESS
[INFO] 21:16:47:016 kernel_logger/(11594:12196): escuchando a consola
[INFO] 21:16:47:022 kernel_logger/(11594:12196): Se crea el proceso 3 en NEW
[INFO] 21:16:47:024 kernel_logger/(11594:11595): PID: 3 - Estado anterior: NUEVO - Estado actual: LISTO
[INFO] 21:16:47:024 kernel_logger/(11594:11595): ingreso proceso a listos
[INFO] 21:16:47:024 kernel_logger/(11594:11596): conecte con cpu
[INFO] 21:16:47:024 kernel_logger/(11594:11596): PID: 3 - Estado anterior: LISTO - Estado actual: EJECUTANDO
[INFO] 21:16:47:931 kernel_logger/(11594:12209): escuchando a consola
[INFO] 21:16:47:931 kernel_logger/(11594:12209): Se crea el proceso 4 en NEW
[INFO] 21:16:47:932 kernel_logger/(11594:11595): PID: 4 - Estado anterior: NUEVO - Estado actual: LISTO
[INFO] 21:16:47:932 kernel_logger/(11594:11595): ingreso proceso a listos
[INFO] 21:16:49:152 kernel_logger/(11594:12246): escuchando a consola
[INFO] 21:16:49:155 kernel_logger/(11594:12246): Se crea el proceso 5 en NEW
[INFO] 21:16:49:157 kernel_logger/(11594:11595): PID: 5 - Estado anterior: NUEVO - Estado actual: LISTO
[INFO] 21:16:49:157 kernel_logger/(11594:11595): ingreso proceso a listos
[INFO] 21:16:59:049 kernel_logger/(11594:11596): PID: 3 - Estado anterior: EJECUTANDO - Estado actual: LISTO
[INFO] 21:16:59:049 kernel_logger/(11594:11596): conecte con cpu
[INFO] 21:16:59:050 kernel_logger/(11594:11596): PID: 4 - Estado anterior: LISTO - Estado actual: EJECUTANDO
[INFO] 21:17:01:066 kernel_logger/(11594:11596): PID: 4 - Estado anterior: EJECUTANDO - Estado actual: LISTO
[INFO] 21:17:01:066 kernel_logger/(11594:11596): conecte con cpu
[INFO] 21:17:01:069 kernel_logger/(11594:11596): PID: 5 - Estado anterior: LISTO - Estado actual: EJECUTANDO
[INFO] 21:17:03:102 kernel_logger/(11594:11596): PID: 5 - Estado anterior: EJECUTANDO - Estado actual: LISTO
[INFO] 21:17:03:102 kernel_logger/(11594:11596): conecte con cpu
[INFO] 21:17:03:102 kernel_logger/(11594:11596): PID: 3 - Estado anterior: LISTO - Estado actual: EJECUTANDO
[INFO] 21:17:05:111 kernel_logger/(11594:11596): finaliza el proceso PID: 3 - motivo: SUCCESS
[INFO] 21:17:05:111 kernel_logger/(11594:11596): conecte con cpu
[INFO] 21:17:05:111 kernel_logger/(11594:11596): PID: 4 - Estado anterior: LISTO - Estado actual: EJECUTANDO
[INFO] 21:17:07:127 kernel_logger/(11594:11596): PID: 4 - Estado anterior: EJECUTANDO - Estado actual: LISTO
[INFO] 21:17:07:127 kernel_logger/(11594:11596): conecte con cpu
[INFO] 21:17:07:127 kernel_logger/(11594:11596): PID: 5 - Estado anterior: LISTO - Estado actual: EJECUTANDO
[INFO] 21:17:09:139 kernel_logger/(11594:11596): PID: 5 - Estado anterior: EJECUTANDO - Estado actual: LISTO
[INFO] 21:17:09:139 kernel_logger/(11594:11596): conecte con cpu
[INFO] 21:17:09:140 kernel_logger/(11594:11596): PID: 4 - Estado anterior: LISTO - Estado actual: EJECUTANDO
[INFO] 21:17:11:164 kernel_logger/(11594:11596): PID: 4 - Estado anterior: EJECUTANDO - Estado actual: LISTO
[INFO] 21:17:11:164 kernel_logger/(11594:11596): conecte con cpu
[INFO] 21:17:11:165 kernel_logger/(11594:11596): PID: 5 - Estado anterior: LISTO - Estado actual: EJECUTANDO
[INFO] 21:17:13:185 kernel_logger/(11594:11596): PID: 5 - Estado anterior: EJECUTANDO - Estado actual: LISTO
[INFO] 21:17:13:185 kernel_logger/(11594:11596): conecte con cpu
[INFO] 21:17:13:186 kernel_logger/(11594:11596): PID: 4 - Estado anterior: LISTO - Estado actual: EJECUTANDO
[INFO] 21:17:15:207 kernel_logger/(11594:11596): PID: 4 - Estado anterior: EJECUTANDO - Estado actual: LISTO
[INFO] 21:17:15:208 kernel_logger/(11594:11596): conecte con cpu
[INFO] 21:17:15:208 kernel_logger/(11594:11596): PID: 5 - Estado anterior: LISTO - Estado actual: EJECUTANDO
[INFO] 21:17:17:227 kernel_logger/(11594:11596): PID: 5 - Estado anterior: EJECUTANDO - Estado actual: LISTO
[INFO] 21:17:17:227 kernel_logger/(11594:11596): conecte con cpu
[INFO] 21:17:17:227 kernel_logger/(11594:11596): PID: 4 - Estado anterior: LISTO - Estado actual: EJECUTANDO
[INFO] 21:17:19:245 kernel_logger/(11594:11596): PID: 4 - Estado anterior: EJECUTANDO - Estado actual: LISTO
[INFO] 21:17:19:246 kernel_logger/(11594:11596): conecte con cpu
[INFO] 21:17:19:249 kernel_logger/(11594:11596): PID: 5 - Estado anterior: LISTO - Estado actual: EJECUTANDO
[INFO] 21:17:21:267 kernel_logger/(11594:11596): PID: 5 - Estado anterior: EJECUTANDO - Estado actual: LISTO
[INFO] 21:17:21:267 kernel_logger/(11594:11596): conecte con cpu
[INFO] 21:17:21:268 kernel_logger/(11594:11596): PID: 4 - Estado anterior: LISTO - Estado actual: EJECUTANDO
[INFO] 21:17:23:286 kernel_logger/(11594:11596): PID: 4 - Estado anterior: EJECUTANDO - Estado actual: LISTO
[INFO] 21:17:23:286 kernel_logger/(11594:11596): conecte con cpu
[INFO] 21:17:23:286 kernel_logger/(11594:11596): PID: 5 - Estado anterior: LISTO - Estado actual: EJECUTANDO
[INFO] 21:17:25:310 kernel_logger/(11594:11596): PID: 5 - Estado anterior: EJECUTANDO - Estado actual: LISTO
[INFO] 21:17:25:310 kernel_logger/(11594:11596): conecte con cpu
[INFO] 21:17:25:311 kernel_logger/(11594:11596): PID: 4 - Estado anterior: LISTO - Estado actual: EJECUTANDO
[INFO] 21:17:27:325 kernel_logger/(11594:11596): PID: 4 - Estado anterior: EJECUTANDO - Estado actual: LISTO
[INFO] 21:17:27:325 kernel_logger/(11594:11596): conecte con cpu
[INFO] 21:17:27:326 kernel_logger/(11594:11596): PID: 5 - Estado anterior: LISTO - Estado actual: EJECUTANDO
[INFO] 21:17:29:342 kernel_logger/(11594:11596): PID: 5 - Estado anterior: EJECUTANDO - Estado actual: LISTO
[INFO] 21:17:29:343 kernel_logger/(11594:11596): conecte con cpu
[INFO] 21:17:29:343 kernel_logger/(11594:11596): PID: 4 - Estado anterior: LISTO - Estado actual: EJECUTANDO
[INFO] 21:17:30:364 kernel_logger/(11594:11596): PID: 4 - Estado anterior: EJECUTANDO - Estado actual: LISTO
[INFO] 21:17:30:364 kernel_logger/(11594:11596): conecte con cpu
[INFO] 21:17:30:364 kernel_logger/(11594:11596): PID: 5 - Estado anterior: LISTO - Estado actual: EJECUTANDO
[INFO] 21:17:31:386 kernel_logger/(11594:11596): PID: 5 - Estado anterior: EJECUTANDO - Estado actual: LISTO
[INFO] 21:17:31:386 kernel_logger/(11594:11596): conecte con cpu
[INFO] 21:17:31:387 kernel_logger/(11594:11596): PID: 4 - Estado anterior: LISTO - Estado actual: EJECUTANDO
[INFO] 21:17:32:404 kernel_logger/(11594:11596): finaliza el proceso PID: 4 - motivo: SUCCESS
[INFO] 21:17:32:404 kernel_logger/(11594:11596): conecte con cpu
[INFO] 21:17:32:405 kernel_logger/(11594:11596): PID: 5 - Estado anterior: LISTO - Estado actual: EJECUTANDO
[INFO] 21:17:33:423 kernel_logger/(11594:11596): finaliza el proceso PID: 5 - motivo: SUCCESS
[INFO] 21:18:26:514 kernel_logger/(12929:12929): No es null el archivo de config
[INFO] 21:18:43:740 kernel_logger/(12929:13042): escuchando a consola
[INFO] 21:18:43:741 kernel_logger/(12929:13042): Se crea el proceso 1 en NEW
[INFO] 21:18:43:741 kernel_logger/(12929:12930): PID: 1 - Estado anterior: NUEVO - Estado actual: LISTO
[INFO] 21:18:43:741 kernel_logger/(12929:12930): ingreso proceso a listos
[INFO] 21:18:44:849 kernel_logger/(12929:13060): escuchando a consola
[INFO] 21:18:44:853 kernel_logger/(12929:13060): Se crea el proceso 2 en NEW
[INFO] 21:18:44:856 kernel_logger/(12929:12930): PID: 2 - Estado anterior: NUEVO - Estado actual: LISTO
[INFO] 21:18:44:857 kernel_logger/(12929:12930): ingreso proceso a listos
[INFO] 21:19:06:796 kernel_logger/(13252:13252): No es null el archivo de config
[INFO] 21:19:31:557 kernel_logger/(13472:13472): No es null el archivo de config
[INFO] 21:19:43:382 kernel_logger/(13601:13601): No es null el archivo de config
[INFO] 21:21:55:787 kernel_logger/(13999:13999): No es null el archivo de config
[INFO] 21:22:00:719 kernel_logger/(13999:14033): escuchando a consola
[INFO] 21:22:00:720 kernel_logger/(13999:14033): Se crea el proceso 1 en NEW
[INFO] 21:22:00:723 kernel_logger/(13999:14000): PID: 1 - Estado anterior: NUEVO - Estado actual: LISTO
[INFO] 21:22:00:723 kernel_logger/(13999:14000): ingreso proceso a listos
[INFO] 21:22:02:456 kernel_logger/(13999:14051): escuchando a consola
[INFO] 21:22:02:456 kernel_logger/(13999:14051): Se crea el proceso 2 en NEW
[INFO] 21:22:02:456 kernel_logger/(13999:14000): PID: 2 - Estado anterior: NUEVO - Estado actual: LISTO
[INFO] 21:22:02:456 kernel_logger/(13999:14000): ingreso proceso a listos
[INFO] 22:04:34:420 kernel_logger/(14623:14623): No es null el archivo de config
[INFO] 22:04:54:417 kernel_logger/(14623:14699): escuchando a consola
[INFO] 22:04:54:418 kernel_logger/(14623:14699): Se crea el proceso 1 en NEW
[INFO] 22:04:54:418 kernel_logger/(14623:14632): PID: 1 - Estado anterior: NUEVO - Estado actual: LISTO
[INFO] 22:04:54:418 kernel_logger/(14623:14632): ingreso proceso a listos
[INFO] 22:06:45:489 kernel_logger/(15033:15033): No es null el archivo de config
[INFO] 22:06:53:833 kernel_logger/(15033:15069): escuchando a consola
[INFO] 22:06:53:834 kernel_logger/(15033:15069): Se crea el proceso 1 en NEW
[INFO] 22:06:53:834 kernel_logger/(15033:15038): PID: 1 - Estado anterior: NUEVO - Estado actual: LISTO
[INFO] 22:06:53:834 kernel_logger/(15033:15038): ingreso proceso a listos
[INFO] 22:07:01:845 kernel_logger/(15033:15176): escuchando a consola
[INFO] 22:07:01:855 kernel_logger/(15033:15176): Se crea el proceso 2 en NEW
[INFO] 22:07:01:862 kernel_logger/(15033:15038): PID: 2 - Estado anterior: NUEVO - Estado actual: LISTO
[INFO] 22:07:01:862 kernel_logger/(15033:15038): ingreso proceso a listos
[INFO] 22:07:04:283 kernel_logger/(15033:15177): escuchando a consola
[INFO] 22:07:04:285 kernel_logger/(15033:15177): Se crea el proceso 3 en NEW
[INFO] 22:07:04:285 kernel_logger/(15033:15038): PID: 3 - Estado anterior: NUEVO - Estado actual: LISTO
[INFO] 22:07:04:285 kernel_logger/(15033:15038): ingreso proceso a listos
[INFO] 22:14:23:397 kernel_logger/(15770:15770): No es null el archivo de config
[INFO] 22:14:38:103 kernel_logger/(15770:15868): escuchando a consola
[INFO] 22:14:38:103 kernel_logger/(15770:15868): Se crea el proceso 1 en NEW
[INFO] 22:14:38:103 kernel_logger/(15770:15786): PID: 1 - Estado anterior: NUEVO - Estado actual: LISTO
[INFO] 22:14:38:103 kernel_logger/(15770:15786): ingreso proceso a listos
[INFO] 22:14:44:794 kernel_logger/(15770:15932): escuchando a consola
[INFO] 22:14:44:795 kernel_logger/(15770:15932): Se crea el proceso 2 en NEW
[INFO] 22:14:44:795 kernel_logger/(15770:15786): PID: 2 - Estado anterior: NUEVO - Estado actual: LISTO
[INFO] 22:14:44:795 kernel_logger/(15770:15786): ingreso proceso a listos
[INFO] 22:14:52:279 kernel_logger/(15770:15948): escuchando a consola
[INFO] 22:14:52:281 kernel_logger/(15770:15948): Se crea el proceso 3 en NEW
[INFO] 22:14:52:282 kernel_logger/(15770:15786): PID: 3 - Estado anterior: NUEVO - Estado actual: LISTO
[INFO] 22:19:11:981 kernel_logger/(16352:16352): No es null el archivo de config
[INFO] 22:19:24:875 kernel_logger/(16352:16406): escuchando a consola
[INFO] 22:19:24:878 kernel_logger/(16352:16406): Se crea el proceso 1 en NEW
[INFO] 22:19:24:882 kernel_logger/(16352:16357): PID: 1 - Estado anterior: NUEVO - Estado actual: LISTO
[INFO] 22:19:24:882 kernel_logger/(16352:16357): ingreso proceso a listos
[INFO] 22:19:30:174 kernel_logger/(16352:16455): escuchando a consola
[INFO] 22:19:30:176 kernel_logger/(16352:16455): Se crea el proceso 2 en NEW
[INFO] 22:19:30:176 kernel_logger/(16352:16357): PID: 2 - Estado anterior: NUEVO - Estado actual: LISTO
[INFO] 22:19:30:176 kernel_logger/(16352:16357): ingreso proceso a listos
[INFO] 22:21:27:167 kernel_logger/(16881:16881): No es null el archivo de config
[INFO] 22:21:43:931 kernel_logger/(16881:16950): escuchando a consola
[INFO] 22:21:43:934 kernel_logger/(16881:16950): Se crea el proceso 1 en NEW
[INFO] 22:21:43:935 kernel_logger/(16881:16893): PID: 1 - Estado anterior: NUEVO - Estado actual: LISTO
[INFO] 22:21:43:935 kernel_logger/(16881:16893): ingreso proceso a listos
[INFO] 22:21:47:580 kernel_logger/(16881:17028): escuchando a consola
[INFO] 22:21:47:585 kernel_logger/(16881:17028): Se crea el proceso 2 en NEW
[INFO] 22:21:47:586 kernel_logger/(16881:16893): PID: 2 - Estado anterior: NUEVO - Estado actual: LISTO
[INFO] 22:21:47:586 kernel_logger/(16881:16893): ingreso proceso a listos
[INFO] 22:21:49:347 kernel_logger/(16881:17029): escuchando a consola
[INFO] 22:21:49:348 kernel_logger/(16881:17029): Se crea el proceso 3 en NEW
[INFO] 22:21:49:348 kernel_logger/(16881:16893): PID: 3 - Estado anterior: NUEVO - Estado actual: LISTO
[INFO] 22:21:49:348 kernel_logger/(16881:16893): ingreso proceso a listos
[INFO] 22:25:18:625 kernel_logger/(17563:17563): No es null el archivo de config
[INFO] 22:25:29:213 kernel_logger/(17563:17634): escuchando a consola
[INFO] 22:25:29:214 kernel_logger/(17563:17634): Se crea el proceso 1 en NEW
[INFO] 22:25:29:214 kernel_logger/(17563:17575): PID: 1 - Estado anterior: NUEVO - Estado actual: LISTO
[INFO] 22:25:29:214 kernel_logger/(17563:17575): ingreso proceso a listos
[INFO] 22:25:29:215 kernel_logger/(17563:17576): conecte con cpu
[INFO] 22:25:29:215 kernel_logger/(17563:17576): PID: 1 - Estado anterior: LISTO - Estado actual: EJECUTANDO
[INFO] 22:25:39:284 kernel_logger/(17563:17800): escuchando a consola
[INFO] 22:25:39:288 kernel_logger/(17563:17800): Se crea el proceso 2 en NEW
[INFO] 22:25:39:290 kernel_logger/(17563:17575): PID: 2 - Estado anterior: NUEVO - Estado actual: LISTO
[INFO] 22:25:39:290 kernel_logger/(17563:17575): ingreso proceso a listos
[INFO] 22:25:39:298 kernel_logger/(17563:17801): escuchando a consola
[INFO] 22:25:39:298 kernel_logger/(17563:17801): Se crea el proceso 3 en NEW
[INFO] 22:25:39:299 kernel_logger/(17563:17575): PID: 3 - Estado anterior: NUEVO - Estado actual: LISTO
[INFO] 22:25:39:300 kernel_logger/(17563:17575): ingreso proceso a listos
[INFO] 22:26:09:527 kernel_logger/(17563:17576): PID: 1 - Estado anterior: EJECUTANDO - Estado actual: LISTO
[INFO] 22:26:09:529 kernel_logger/(17563:17576): conecte con cpu
[INFO] 22:26:09:530 kernel_logger/(17563:17576): PID: 2 - Estado anterior: LISTO - Estado actual: EJECUTANDO
[INFO] 22:26:11:541 kernel_logger/(17563:17576): PID: 2 - Estado anterior: EJECUTANDO - Estado actual: LISTO
[INFO] 22:26:11:541 kernel_logger/(17563:17576): conecte con cpu
[INFO] 22:26:11:541 kernel_logger/(17563:17576): PID: 3 - Estado anterior: LISTO - Estado actual: EJECUTANDO
[INFO] 22:26:13:553 kernel_logger/(17563:17576): PID: 3 - Estado anterior: EJECUTANDO - Estado actual: LISTO
[INFO] 22:26:13:553 kernel_logger/(17563:17576): conecte con cpu
[INFO] 22:26:13:554 kernel_logger/(17563:17576): PID: 2 - Estado anterior: LISTO - Estado actual: EJECUTANDO
[INFO] 22:26:15:563 kernel_logger/(17563:17576): PID: 2 - Estado anterior: EJECUTANDO - Estado actual: LISTO
[INFO] 22:26:15:563 kernel_logger/(17563:17576): conecte con cpu
[INFO] 22:26:15:564 kernel_logger/(17563:17576): PID: 3 - Estado anterior: LISTO - Estado actual: EJECUTANDO
[INFO] 22:26:17:574 kernel_logger/(17563:17576): PID: 3 - Estado anterior: EJECUTANDO - Estado actual: LISTO
[INFO] 22:26:17:574 kernel_logger/(17563:17576): conecte con cpu
[INFO] 22:26:17:574 kernel_logger/(17563:17576): PID: 1 - Estado anterior: LISTO - Estado actual: EJECUTANDO
[INFO] 22:26:19:586 kernel_logger/(17563:17576): finaliza el proceso PID: 1 - motivo: SUCCESS
[INFO] 22:26:19:586 kernel_logger/(17563:17576): conecte con cpu
[INFO] 22:26:19:586 kernel_logger/(17563:17576): PID: 2 - Estado anterior: LISTO - Estado actual: EJECUTANDO
[INFO] 22:26:21:598 kernel_logger/(17563:17576): PID: 2 - Estado anterior: EJECUTANDO - Estado actual: LISTO
[INFO] 22:26:21:598 kernel_logger/(17563:17576): conecte con cpu
[INFO] 22:26:21:598 kernel_logger/(17563:17576): PID: 3 - Estado anterior: LISTO - Estado actual: EJECUTANDO
[INFO] 22:26:23:616 kernel_logger/(17563:17576): PID: 3 - Estado anterior: EJECUTANDO - Estado actual: LISTO
[INFO] 22:26:23:616 kernel_logger/(17563:17576): conecte con cpu
[INFO] 22:26:23:616 kernel_logger/(17563:17576): PID: 2 - Estado anterior: LISTO - Estado actual: EJECUTANDO
[INFO] 22:26:25:627 kernel_logger/(17563:17576): PID: 2 - Estado anterior: EJECUTANDO - Estado actual: LISTO
[INFO] 22:26:25:627 kernel_logger/(17563:17576): conecte con cpu
[INFO] 22:26:25:627 kernel_logger/(17563:17576): PID: 3 - Estado anterior: LISTO - Estado actual: EJECUTANDO
[INFO] 22:26:27:631 kernel_logger/(17563:17576): PID: 3 - Estado anterior: EJECUTANDO - Estado actual: LISTO
[INFO] 22:26:27:631 kernel_logger/(17563:17576): conecte con cpu
[INFO] 22:26:27:631 kernel_logger/(17563:17576): PID: 2 - Estado anterior: LISTO - Estado actual: EJECUTANDO
[INFO] 22:26:29:644 kernel_logger/(17563:17576): PID: 2 - Estado anterior: EJECUTANDO - Estado actual: LISTO
[INFO] 22:26:29:644 kernel_logger/(17563:17576): conecte con cpu
[INFO] 22:26:29:645 kernel_logger/(17563:17576): PID: 3 - Estado anterior: LISTO - Estado actual: EJECUTANDO
[INFO] 22:26:31:656 kernel_logger/(17563:17576): PID: 3 - Estado anterior: EJECUTANDO - Estado actual: LISTO
[INFO] 22:26:31:657 kernel_logger/(17563:17576): conecte con cpu
[INFO] 22:26:31:657 kernel_logger/(17563:17576): PID: 2 - Estado anterior: LISTO - Estado actual: EJECUTANDO
[INFO] 22:26:33:668 kernel_logger/(17563:17576): PID: 2 - Estado anterior: EJECUTANDO - Estado actual: LISTO
[INFO] 22:26:33:668 kernel_logger/(17563:17576): conecte con cpu
[INFO] 22:26:33:670 kernel_logger/(17563:17576): PID: 3 - Estado anterior: LISTO - Estado actual: EJECUTANDO
[INFO] 22:26:35:685 kernel_logger/(17563:17576): PID: 3 - Estado anterior: EJECUTANDO - Estado actual: LISTO
[INFO] 22:26:35:685 kernel_logger/(17563:17576): conecte con cpu
[INFO] 22:26:35:685 kernel_logger/(17563:17576): PID: 2 - Estado anterior: LISTO - Estado actual: EJECUTANDO
[INFO] 22:26:37:701 kernel_logger/(17563:17576): PID: 2 - Estado anterior: EJECUTANDO - Estado actual: LISTO
[INFO] 22:26:37:702 kernel_logger/(17563:17576): conecte con cpu
[INFO] 22:26:37:702 kernel_logger/(17563:17576): PID: 3 - Estado anterior: LISTO - Estado actual: EJECUTANDO
[INFO] 22:26:39:713 kernel_logger/(17563:17576): PID: 3 - Estado anterior: EJECUTANDO - Estado actual: LISTO
[INFO] 22:26:39:713 kernel_logger/(17563:17576): conecte con cpu
[INFO] 22:26:39:713 kernel_logger/(17563:17576): PID: 2 - Estado anterior: LISTO - Estado actual: EJECUTANDO
[INFO] 22:26:40:728 kernel_logger/(17563:17576): PID: 2 - Estado anterior: EJECUTANDO - Estado actual: LISTO
[INFO] 22:26:40:728 kernel_logger/(17563:17576): conecte con cpu
[INFO] 22:26:40:728 kernel_logger/(17563:17576): PID: 3 - Estado anterior: LISTO - Estado actual: EJECUTANDO
[INFO] 22:26:41:739 kernel_logger/(17563:17576): PID: 3 - Estado anterior: EJECUTANDO - Estado actual: LISTO
[INFO] 22:26:41:739 kernel_logger/(17563:17576): conecte con cpu
[INFO] 22:26:41:739 kernel_logger/(17563:17576): PID: 2 - Estado anterior: LISTO - Estado actual: EJECUTANDO
[INFO] 22:26:42:745 kernel_logger/(17563:17576): finaliza el proceso PID: 2 - motivo: SUCCESS
[INFO] 22:26:42:745 kernel_logger/(17563:17576): conecte con cpu
[INFO] 22:26:42:746 kernel_logger/(17563:17576): PID: 3 - Estado anterior: LISTO - Estado actual: EJECUTANDO
[INFO] 22:26:43:764 kernel_logger/(17563:17576): finaliza el proceso PID: 3 - motivo: SUCCESS
[INFO] 22:39:00:668 kernel_logger/(19383:19383): No es null el archivo de config
[INFO] 22:39:57:211 kernel_logger/(19383:19723): escuchando a consola
[INFO] 22:39:57:216 kernel_logger/(19383:19723): Se crea el proceso 1 en NEW
[INFO] 22:39:57:220 kernel_logger/(19383:19384): PID: 1 - Estado anterior: NUEVO - Estado actual: LISTO
[INFO] 22:39:57:221 kernel_logger/(19383:19384): ingreso proceso a listos
[INFO] 22:39:57:221 kernel_logger/(19383:19385): conecte con cpu
[INFO] 22:39:57:222 kernel_logger/(19383:19385): PID: 1 - Estado anterior: LISTO - Estado actual: EJECUTANDO
[INFO] 22:39:57:245 kernel_logger/(19383:19385): PID: 1 - WAIT: DISCO - Instancias: 0
[INFO] 22:39:57:245 kernel_logger/(19383:19385): PID: 1 - Bloqueado por: DISCO
[INFO] 22:39:57:245 kernel_logger/(19383:19385): PID: 1 - Estado anterior: EJECUTANDO - Estado actual: BLOQUEADO
[INFO] 22:39:57:928 kernel_logger/(19383:19735): escuchando a consola
[INFO] 22:39:57:932 kernel_logger/(19383:19735): Se crea el proceso 2 en NEW
[INFO] 22:39:57:938 kernel_logger/(19383:19384): PID: 2 - Estado anterior: NUEVO - Estado actual: LISTO
[INFO] 22:39:57:939 kernel_logger/(19383:19384): ingreso proceso a listos
[INFO] 22:39:57:939 kernel_logger/(19383:19385): conecte con cpu
[INFO] 22:39:57:939 kernel_logger/(19383:19385): PID: 2 - Estado anterior: LISTO - Estado actual: EJECUTANDO
[INFO] 22:39:57:944 kernel_logger/(19383:19385): PID: 2 - WAIT: IMPRESORA - Instancias: 0
[INFO] 22:39:57:944 kernel_logger/(19383:19385): PID: 2 - Bloqueado por: IMPRESORA
[INFO] 22:39:57:944 kernel_logger/(19383:19385): PID: 2 - Estado anterior: EJECUTANDO - Estado actual: BLOQUEADO
[INFO] 22:39:59:030 kernel_logger/(19383:19781): escuchando a consola
[INFO] 22:39:59:031 kernel_logger/(19383:19781): Se crea el proceso 3 en NEW
[INFO] 22:39:59:032 kernel_logger/(19383:19384): PID: 3 - Estado anterior: NUEVO - Estado actual: LISTO
[INFO] 22:39:59:032 kernel_logger/(19383:19384): ingreso proceso a listos
[INFO] 22:39:59:032 kernel_logger/(19383:19385): conecte con cpu
[INFO] 22:39:59:032 kernel_logger/(19383:19385): PID: 3 - Estado anterior: LISTO - Estado actual: EJECUTANDO
[INFO] 22:39:59:044 kernel_logger/(19383:19385): PID: 3 - WAIT: SCANNER - Instancias: 0
[INFO] 22:39:59:044 kernel_logger/(19383:19385): PID: 3 - Bloqueado por: SCANNER
[INFO] 22:39:59:045 kernel_logger/(19383:19385): PID: 3 - Estado anterior: EJECUTANDO - Estado actual: BLOQUEADO
[INFO] 22:40:31:970 kernel_logger/(19383:19942): escuchando a consola
[INFO] 22:40:31:971 kernel_logger/(19383:19942): Se crea el proceso 4 en NEW
